home directory = /home/xrhuang/Projects/Learning2Sync
found 5920 clean depth images...
0 / 100
1 / 100
2 / 100
3 / 100
4 / 100
5 / 100
6 / 100
7 / 100
8 / 100
9 / 100
10 / 100
11 / 100
12 / 100
13 / 100
14 / 100
15 / 100
16 / 100
17 / 100
18 / 100
19 / 100
20 / 100
21 / 100
22 / 100
23 / 100
24 / 100
25 / 100
26 / 100
27 / 100
28 / 100
29 / 100
30 / 100
31 / 100
32 / 100
33 / 100
34 / 100
35 / 100
36 / 100
37 / 100
38 / 100
39 / 100
40 / 100
41 / 100
42 / 100
43 / 100
44 / 100
45 / 100
46 / 100
47 / 100
48 / 100
49 / 100
50 / 100
51 / 100
52 / 100
53 / 100
54 / 100
55 / 100
56 / 100
57 / 100
58 / 100
59 / 100
60 / 100
61 / 100
62 / 100
63 / 100
64 / 100
65 / 100
66 / 100
67 / 100
68 / 100
69 / 100
70 / 100
71 / 100
72 / 100
73 / 100
74 / 100
75 / 100
76 / 100
77 / 100
78 / 100
79 / 100
80 / 100
81 / 100
82 / 100
83 / 100
84 / 100
85 / 100
86 / 100
87 / 100
88 / 100
89 / 100
90 / 100
91 / 100
92 / 100
93 / 100
94 / 100
95 / 100
96 / 100
97 / 100
98 / 100
99 / 100
home directory = /home/xrhuang/Projects/Learning2Sync
found 6170 clean depth images...
0 / 100
1 / 100
2 / 100
3 / 100
4 / 100
5 / 100
6 / 100
7 / 100
8 / 100
9 / 100
10 / 100
11 / 100
12 / 100
13 / 100
14 / 100
15 / 100
16 / 100
17 / 100
18 / 100
19 / 100
20 / 100
21 / 100
22 / 100
23 / 100
24 / 100
25 / 100
26 / 100
27 / 100
28 / 100
29 / 100
30 / 100
31 / 100
32 / 100
33 / 100
34 / 100
35 / 100
36 / 100
37 / 100
38 / 100
39 / 100
40 / 100
41 / 100
42 / 100
43 / 100
44 / 100
45 / 100
46 / 100
47 / 100
48 / 100
49 / 100
50 / 100
51 / 100
52 / 100
53 / 100
54 / 100
55 / 100
56 / 100
57 / 100
58 / 100
59 / 100
60 / 100
61 / 100
62 / 100
63 / 100
64 / 100
65 / 100
66 / 100
67 / 100
68 / 100
69 / 100
70 / 100
71 / 100
72 / 100
73 / 100
74 / 100
75 / 100
76 / 100
77 / 100
78 / 100
79 / 100
80 / 100
81 / 100
82 / 100
83 / 100
84 / 100
85 / 100
86 / 100
87 / 100
88 / 100
89 / 100
90 / 100
91 / 100
92 / 100
93 / 100
94 / 100
95 / 100
96 / 100
97 / 100
98 / 100
99 / 100
home directory = /home/xrhuang/Projects/Learning2Sync
found 2160 clean depth images...
0 / 100
1 / 100
2 / 100
3 / 100
4 / 100
5 / 100
6 / 100
7 / 100
8 / 100
9 / 100
10 / 100
11 / 100
12 / 100
13 / 100
14 / 100
15 / 100
16 / 100
17 / 100
18 / 100
19 / 100
20 / 100
21 / 100
22 / 100
23 / 100
24 / 100
25 / 100
26 / 100
27 / 100
28 / 100
29 / 100
30 / 100
31 / 100
32 / 100
33 / 100
34 / 100
35 / 100
36 / 100
37 / 100
38 / 100
39 / 100
40 / 100
41 / 100
42 / 100
43 / 100
44 / 100
45 / 100
46 / 100
47 / 100
48 / 100
49 / 100
50 / 100
51 / 100
52 / 100
53 / 100
54 / 100
55 / 100
56 / 100
57 / 100
58 / 100
59 / 100
60 / 100
61 / 100
62 / 100
63 / 100
64 / 100
65 / 100
66 / 100
67 / 100
68 / 100
69 / 100
70 / 100
71 / 100
72 / 100
73 / 100
74 / 100
75 / 100
76 / 100
77 / 100
78 / 100
79 / 100
80 / 100
81 / 100
82 / 100
83 / 100
84 / 100
85 / 100
86 / 100
87 / 100
88 / 100
89 / 100
90 / 100
91 / 100
92 / 100
93 / 100
94 / 100
95 / 100
96 / 100
97 / 100
98 / 100
99 / 100
home directory = /home/xrhuang/Projects/Learning2Sync
found 2155 clean depth images...
0 / 100
1 / 100
2 / 100
3 / 100
4 / 100
5 / 100
6 / 100
7 / 100
8 / 100
9 / 100
10 / 100
11 / 100
12 / 100
13 / 100
14 / 100
15 / 100
16 / 100
17 / 100
18 / 100
19 / 100
20 / 100
21 / 100
22 / 100
23 / 100
24 / 100
25 / 100
26 / 100
27 / 100
28 / 100
29 / 100
30 / 100
31 / 100
32 / 100
33 / 100
34 / 100
35 / 100
36 / 100
37 / 100
38 / 100
39 / 100
40 / 100
41 / 100
42 / 100
43 / 100
44 / 100
45 / 100
46 / 100
47 / 100
48 / 100
49 / 100
50 / 100
51 / 100
52 / 100
53 / 100
54 / 100
55 / 100
56 / 100
57 / 100
58 / 100
59 / 100
60 / 100
61 / 100
62 / 100
63 / 100
64 / 100
65 / 100
66 / 100
67 / 100
68 / 100
69 / 100
70 / 100
71 / 100
72 / 100
73 / 100
74 / 100
75 / 100
76 / 100
77 / 100
78 / 100
79 / 100
80 / 100
81 / 100
82 / 100
83 / 100
84 / 100
85 / 100
86 / 100
87 / 100
88 / 100
89 / 100
90 / 100
91 / 100
92 / 100
93 / 100
94 / 100
95 / 100
96 / 100
97 / 100
98 / 100
99 / 100
home directory = /home/xrhuang/Projects/Learning2Sync
found 2674 clean depth images...
0 / 100
1 / 100
2 / 100
3 / 100
4 / 100
5 / 100
6 / 100
7 / 100
8 / 100
9 / 100
10 / 100
11 / 100
12 / 100
13 / 100
14 / 100
15 / 100
16 / 100
17 / 100
18 / 100
19 / 100
20 / 100
21 / 100
22 / 100
23 / 100
24 / 100
25 / 100
26 / 100
27 / 100
28 / 100
29 / 100
30 / 100
31 / 100
32 / 100
33 / 100
34 / 100
35 / 100
36 / 100
37 / 100
38 / 100
39 / 100
40 / 100
41 / 100
42 / 100
43 / 100
44 / 100
45 / 100
46 / 100
47 / 100
48 / 100
49 / 100
50 / 100
51 / 100
52 / 100
53 / 100
54 / 100
55 / 100
56 / 100
57 / 100
58 / 100
59 / 100
60 / 100
61 / 100
62 / 100
63 / 100
64 / 100
65 / 100
66 / 100
67 / 100
68 / 100
69 / 100
70 / 100
71 / 100
72 / 100
73 / 100
74 / 100
75 / 100
76 / 100
77 / 100
78 / 100
79 / 100
80 / 100
81 / 100
82 / 100
83 / 100
84 / 100
85 / 100
86 / 100
87 / 100
88 / 100
89 / 100
90 / 100
91 / 100
92 / 100
93 / 100
94 / 100
95 / 100
96 / 100
97 / 100
98 / 100
99 / 100
home directory = /home/xrhuang/Projects/Learning2Sync
error on /home/xrhuang/Projects/Learning2Sync/dataset/scannet/scene0008_00/frame-000638.pose.txt: too many indices for array
ignoring frame frame-000638
home directory = /home/xrhuang/Projects/Learning2Sync
found 760 clean depth images...
0 / 100
1 / 100
2 / 100
3 / 100
4 / 100
5 / 100
6 / 100
7 / 100
8 / 100
9 / 100
10 / 100
11 / 100
12 / 100
13 / 100
14 / 100
15 / 100
16 / 100
17 / 100
18 / 100
19 / 100
20 / 100
21 / 100
22 / 100
23 / 100
24 / 100
25 / 100
26 / 100
27 / 100
28 / 100
29 / 100
30 / 100
31 / 100
32 / 100
33 / 100
34 / 100
35 / 100
36 / 100
37 / 100
38 / 100
39 / 100
40 / 100
41 / 100
42 / 100
43 / 100
44 / 100
45 / 100
46 / 100
47 / 100
48 / 100
49 / 100
50 / 100
51 / 100
52 / 100
53 / 100
54 / 100
55 / 100
56 / 100
57 / 100
58 / 100
59 / 100
60 / 100
61 / 100
62 / 100
63 / 100
64 / 100
65 / 100
66 / 100
67 / 100
68 / 100
69 / 100
70 / 100
71 / 100
72 / 100
73 / 100
74 / 100
75 / 100
76 / 100
77 / 100
78 / 100
79 / 100
80 / 100
81 / 100
82 / 100
83 / 100
84 / 100
85 / 100
86 / 100
87 / 100
88 / 100
89 / 100
90 / 100
91 / 100
92 / 100
93 / 100
94 / 100
95 / 100
96 / 100
97 / 100
98 / 100
99 / 100
home directory = /home/xrhuang/Projects/Learning2Sync
error on /home/xrhuang/Projects/Learning2Sync/dataset/scannet/scene0015_00/frame-001010.pose.txt: too many indices for array
ignoring frame frame-001010
home directory = /home/xrhuang/Projects/Learning2Sync
found 1747 clean depth images...
0 / 100
1 / 100
2 / 100
3 / 100
4 / 100
5 / 100
6 / 100
7 / 100
8 / 100
9 / 100
10 / 100
11 / 100
12 / 100
13 / 100
14 / 100
15 / 100
16 / 100
17 / 100
18 / 100
19 / 100
20 / 100
21 / 100
22 / 100
23 / 100
24 / 100
25 / 100
26 / 100
27 / 100
28 / 100
29 / 100
30 / 100
31 / 100
32 / 100
33 / 100
34 / 100
35 / 100
36 / 100
37 / 100
38 / 100
39 / 100
40 / 100
41 / 100
42 / 100
43 / 100
44 / 100
45 / 100
46 / 100
47 / 100
48 / 100
49 / 100
50 / 100
51 / 100
52 / 100
53 / 100
54 / 100
55 / 100
56 / 100
57 / 100
58 / 100
59 / 100
60 / 100
61 / 100
62 / 100
63 / 100
64 / 100
65 / 100
66 / 100
67 / 100
68 / 100
69 / 100
70 / 100
71 / 100
72 / 100
73 / 100
74 / 100
75 / 100
76 / 100
77 / 100
78 / 100
79 / 100
80 / 100
81 / 100
82 / 100
83 / 100
84 / 100
85 / 100
86 / 100
87 / 100
88 / 100
89 / 100
90 / 100
91 / 100
92 / 100
93 / 100
94 / 100
95 / 100
96 / 100
97 / 100
98 / 100
99 / 100
home directory = /home/xrhuang/Projects/Learning2Sync
error on /home/xrhuang/Projects/Learning2Sync/dataset/scannet/scene0019_00/frame-000242.pose.txt: bottom right corner should be one
ignoring frame frame-000242
home directory = /home/xrhuang/Projects/Learning2Sync
error on /home/xrhuang/Projects/Learning2Sync/dataset/scannet/scene0025_01/frame-001780.pose.txt: bottom right corner should be one
ignoring frame frame-001780
home directory = /home/xrhuang/Projects/Learning2Sync
error on /home/xrhuang/Projects/Learning2Sync/dataset/scannet/scene0026_00/frame-000757.pose.txt: too many indices for array
ignoring frame frame-000757
home directory = /home/xrhuang/Projects/Learning2Sync
error on /home/xrhuang/Projects/Learning2Sync/dataset/scannet/scene0030_02/frame-001350.pose.txt: too many indices for array
ignoring frame frame-001350
home directory = /home/xrhuang/Projects/Learning2Sync
error on /home/xrhuang/Projects/Learning2Sync/dataset/scannet/scene0032_01/frame-000500.pose.txt: bottom right corner should be one
ignoring frame frame-000500
home directory = /home/xrhuang/Projects/Learning2Sync
found 712 clean depth images...
0 / 100
1 / 100
2 / 100
3 / 100
4 / 100
5 / 100
6 / 100
7 / 100
8 / 100
9 / 100
10 / 100
11 / 100
12 / 100
13 / 100
14 / 100
15 / 100
16 / 100
17 / 100
18 / 100
19 / 100
20 / 100
21 / 100
22 / 100
23 / 100
24 / 100
25 / 100
26 / 100
27 / 100
28 / 100
29 / 100
30 / 100
31 / 100
32 / 100
33 / 100
34 / 100
35 / 100
36 / 100
37 / 100
38 / 100
39 / 100
40 / 100
41 / 100
42 / 100
43 / 100
44 / 100
45 / 100
46 / 100
47 / 100
48 / 100
49 / 100
50 / 100
51 / 100
52 / 100
53 / 100
54 / 100
55 / 100
56 / 100
57 / 100
58 / 100
59 / 100
60 / 100
61 / 100
62 / 100
63 / 100
64 / 100
65 / 100
66 / 100
67 / 100
68 / 100
69 / 100
70 / 100
71 / 100
72 / 100
73 / 100
74 / 100
75 / 100
76 / 100
77 / 100
78 / 100
79 / 100
80 / 100
81 / 100
82 / 100
83 / 100
84 / 100
85 / 100
86 / 100
87 / 100
88 / 100
89 / 100
90 / 100
91 / 100
92 / 100
93 / 100
94 / 100
95 / 100
96 / 100
97 / 100
98 / 100
99 / 100
home directory = /home/xrhuang/Projects/Learning2Sync
error on /home/xrhuang/Projects/Learning2Sync/dataset/scannet/scene0039_00/frame-000150.pose.txt: bottom right corner should be one
ignoring frame frame-000150
home directory = /home/xrhuang/Projects/Learning2Sync
error on /home/xrhuang/Projects/Learning2Sync/dataset/scannet/scene0043_00/frame-000711.pose.txt: bottom right corner should be one
ignoring frame frame-000711
home directory = /home/xrhuang/Projects/Learning2Sync
error on /home/xrhuang/Projects/Learning2Sync/dataset/scannet/scene0043_01/frame-000291.pose.txt: bottom right corner should be one
ignoring frame frame-000291
home directory = /home/xrhuang/Projects/Learning2Sync
found 1366 clean depth images...
0 / 100
1 / 100
2 / 100
3 / 100
4 / 100
5 / 100
6 / 100
7 / 100
8 / 100
9 / 100
10 / 100
11 / 100
12 / 100
13 / 100
14 / 100
15 / 100
16 / 100
17 / 100
18 / 100
19 / 100
20 / 100
21 / 100
22 / 100
23 / 100
24 / 100
25 / 100
26 / 100
27 / 100
28 / 100
29 / 100
30 / 100
31 / 100
32 / 100
33 / 100
34 / 100
35 / 100
36 / 100
37 / 100
38 / 100
39 / 100
40 / 100
41 / 100
42 / 100
43 / 100
44 / 100
45 / 100
46 / 100
47 / 100
48 / 100
49 / 100
50 / 100
51 / 100
52 / 100
53 / 100
54 / 100
55 / 100
56 / 100
57 / 100
58 / 100
59 / 100
60 / 100
61 / 100
62 / 100
63 / 100
64 / 100
65 / 100
66 / 100
67 / 100
68 / 100
69 / 100
70 / 100
71 / 100
72 / 100
73 / 100
74 / 100
75 / 100
76 / 100
77 / 100
78 / 100
79 / 100
80 / 100
81 / 100
82 / 100
83 / 100
84 / 100
85 / 100
86 / 100
87 / 100
88 / 100
89 / 100
90 / 100
91 / 100
92 / 100
93 / 100
94 / 100
95 / 100
96 / 100
97 / 100
98 / 100
99 / 100
home directory = /home/xrhuang/Projects/Learning2Sync
error on /home/xrhuang/Projects/Learning2Sync/dataset/scannet/scene0048_00/frame-001113.pose.txt: bottom right corner should be one
ignoring frame frame-001113
home directory = /home/xrhuang/Projects/Learning2Sync
error on /home/xrhuang/Projects/Learning2Sync/dataset/scannet/scene0052_01/frame-000872.pose.txt: too many indices for array
ignoring frame frame-000872
home directory = /home/xrhuang/Projects/Learning2Sync
error on /home/xrhuang/Projects/Learning2Sync/dataset/scannet/scene0054_00/frame-002022.pose.txt: too many indices for array
ignoring frame frame-002022
home directory = /home/xrhuang/Projects/Learning2Sync
found 1023 clean depth images...
0 / 100
1 / 100
2 / 100
3 / 100
4 / 100
5 / 100
6 / 100
7 / 100
8 / 100
9 / 100
10 / 100
11 / 100
12 / 100
13 / 100
14 / 100
15 / 100
16 / 100
17 / 100
18 / 100
19 / 100
20 / 100
21 / 100
22 / 100
23 / 100
24 / 100
25 / 100
26 / 100
27 / 100
28 / 100
29 / 100
30 / 100
31 / 100
32 / 100
33 / 100
34 / 100
35 / 100
36 / 100
37 / 100
38 / 100
39 / 100
40 / 100
41 / 100
42 / 100
43 / 100
44 / 100
45 / 100
46 / 100
47 / 100
48 / 100
49 / 100
50 / 100
51 / 100
52 / 100
53 / 100
54 / 100
55 / 100
56 / 100
57 / 100
58 / 100
59 / 100
60 / 100
61 / 100
62 / 100
63 / 100
64 / 100
65 / 100
66 / 100
67 / 100
68 / 100
69 / 100
70 / 100
71 / 100
72 / 100
73 / 100
74 / 100
75 / 100
76 / 100
77 / 100
78 / 100
79 / 100
80 / 100
81 / 100
82 / 100
83 / 100
84 / 100
85 / 100
86 / 100
87 / 100
88 / 100
89 / 100
90 / 100
91 / 100
92 / 100
93 / 100
94 / 100
95 / 100
96 / 100
97 / 100
98 / 100
99 / 100
home directory = /home/xrhuang/Projects/Learning2Sync
error on /home/xrhuang/Projects/Learning2Sync/dataset/scannet/scene0060_00/frame-000776.pose.txt: too many indices for array
ignoring frame frame-000776
home directory = /home/xrhuang/Projects/Learning2Sync
found 730 clean depth images...
0 / 100
1 / 100
2 / 100
3 / 100
4 / 100
5 / 100
6 / 100
7 / 100
8 / 100
9 / 100
10 / 100
11 / 100
12 / 100
13 / 100
14 / 100
15 / 100
16 / 100
17 / 100
18 / 100
19 / 100
20 / 100
21 / 100
22 / 100
23 / 100
24 / 100
25 / 100
26 / 100
27 / 100
28 / 100
29 / 100
30 / 100
31 / 100
32 / 100
33 / 100
34 / 100
35 / 100
36 / 100
37 / 100
38 / 100
39 / 100
40 / 100
41 / 100
42 / 100
43 / 100
44 / 100
45 / 100
46 / 100
47 / 100
48 / 100
49 / 100
50 / 100
51 / 100
52 / 100
53 / 100
54 / 100
55 / 100
56 / 100
57 / 100
58 / 100
59 / 100
60 / 100
61 / 100
62 / 100
63 / 100
64 / 100
65 / 100
66 / 100
67 / 100
68 / 100
69 / 100
70 / 100
71 / 100
72 / 100
73 / 100
74 / 100
75 / 100
76 / 100
77 / 100
78 / 100
79 / 100
80 / 100
81 / 100
82 / 100
83 / 100
84 / 100
85 / 100
86 / 100
87 / 100
88 / 100
89 / 100
90 / 100
91 / 100
92 / 100
93 / 100
94 / 100
95 / 100
96 / 100
97 / 100
98 / 100
99 / 100
home directory = /home/xrhuang/Projects/Learning2Sync
found 819 clean depth images...
0 / 100
1 / 100
2 / 100
3 / 100
4 / 100
5 / 100
6 / 100
7 / 100
8 / 100
9 / 100
10 / 100
11 / 100
12 / 100
13 / 100
14 / 100
15 / 100
16 / 100
17 / 100
18 / 100
19 / 100
20 / 100
21 / 100
22 / 100
23 / 100
24 / 100
25 / 100
26 / 100
27 / 100
28 / 100
29 / 100
30 / 100
31 / 100
32 / 100
33 / 100
34 / 100
35 / 100
36 / 100
37 / 100
38 / 100
39 / 100
40 / 100
41 / 100
42 / 100
43 / 100
44 / 100
45 / 100
46 / 100
47 / 100
48 / 100
49 / 100
50 / 100
51 / 100
52 / 100
53 / 100
54 / 100
55 / 100
56 / 100
57 / 100
58 / 100
59 / 100
60 / 100
61 / 100
62 / 100
63 / 100
64 / 100
65 / 100
66 / 100
67 / 100
68 / 100
69 / 100
70 / 100
71 / 100
72 / 100
73 / 100
74 / 100
75 / 100
76 / 100
77 / 100
78 / 100
79 / 100
80 / 100
81 / 100
82 / 100
83 / 100
84 / 100
85 / 100
86 / 100
87 / 100
88 / 100
89 / 100
90 / 100
91 / 100
92 / 100
93 / 100
94 / 100
95 / 100
96 / 100
97 / 100
98 / 100
99 / 100
home directory = /home/xrhuang/Projects/Learning2Sync
found 814 clean depth images...
0 / 100
1 / 100
2 / 100
3 / 100
4 / 100
5 / 100
6 / 100
7 / 100
8 / 100
9 / 100
10 / 100
11 / 100
12 / 100
13 / 100
14 / 100
15 / 100
16 / 100
17 / 100
18 / 100
19 / 100
20 / 100
21 / 100
22 / 100
23 / 100
24 / 100
25 / 100
26 / 100
27 / 100
28 / 100
29 / 100
30 / 100
31 / 100
32 / 100
33 / 100
34 / 100
35 / 100
36 / 100
37 / 100
38 / 100
39 / 100
40 / 100
41 / 100
42 / 100
43 / 100
44 / 100
45 / 100
46 / 100
47 / 100
48 / 100
49 / 100
50 / 100
51 / 100
52 / 100
53 / 100
54 / 100
55 / 100
56 / 100
57 / 100
58 / 100
59 / 100
60 / 100
61 / 100
62 / 100
63 / 100
64 / 100
65 / 100
66 / 100
67 / 100
68 / 100
69 / 100
70 / 100
71 / 100
72 / 100
73 / 100
74 / 100
75 / 100
76 / 100
77 / 100
78 / 100
79 / 100
80 / 100
81 / 100
82 / 100
83 / 100
84 / 100
85 / 100
86 / 100
87 / 100
88 / 100
89 / 100
90 / 100
91 / 100
92 / 100
93 / 100
94 / 100
95 / 100
96 / 100
97 / 100
98 / 100
99 / 100
home directory = /home/xrhuang/Projects/Learning2Sync
found 295 clean depth images...
0 / 100
1 / 100
2 / 100
3 / 100
4 / 100
5 / 100
6 / 100
7 / 100
8 / 100
9 / 100
10 / 100
11 / 100
12 / 100
13 / 100
14 / 100
15 / 100
16 / 100
17 / 100
18 / 100
19 / 100
20 / 100
21 / 100
22 / 100
23 / 100
24 / 100
25 / 100
26 / 100
27 / 100
28 / 100
29 / 100
30 / 100
31 / 100
32 / 100
33 / 100
34 / 100
35 / 100
36 / 100
37 / 100
38 / 100
39 / 100
40 / 100
41 / 100
42 / 100
43 / 100
44 / 100
45 / 100
46 / 100
47 / 100
48 / 100
49 / 100
50 / 100
51 / 100
52 / 100
53 / 100
54 / 100
55 / 100
56 / 100
57 / 100
58 / 100
59 / 100
60 / 100
61 / 100
62 / 100
63 / 100
64 / 100
65 / 100
66 / 100
67 / 100
68 / 100
69 / 100
70 / 100
71 / 100
72 / 100
73 / 100
74 / 100
75 / 100
76 / 100
77 / 100
78 / 100
79 / 100
80 / 100
81 / 100
82 / 100
83 / 100
84 / 100
85 / 100
86 / 100
87 / 100
88 / 100
89 / 100
90 / 100
91 / 100
92 / 100
93 / 100
94 / 100
95 / 100
96 / 100
97 / 100
98 / 100
99 / 100
home directory = /home/xrhuang/Projects/Learning2Sync
found 1040 clean depth images...
0 / 100
1 / 100
2 / 100
3 / 100
4 / 100
5 / 100
6 / 100
7 / 100
8 / 100
9 / 100
10 / 100
11 / 100
12 / 100
13 / 100
14 / 100
15 / 100
16 / 100
17 / 100
18 / 100
19 / 100
20 / 100
21 / 100
22 / 100
23 / 100
24 / 100
25 / 100
26 / 100
27 / 100
28 / 100
29 / 100
30 / 100
31 / 100
32 / 100
33 / 100
34 / 100
35 / 100
36 / 100
37 / 100
38 / 100
39 / 100
40 / 100
41 / 100
42 / 100
43 / 100
44 / 100
45 / 100
46 / 100
47 / 100
48 / 100
49 / 100
50 / 100
51 / 100
52 / 100
53 / 100
54 / 100
55 / 100
56 / 100
57 / 100
58 / 100
59 / 100
60 / 100
61 / 100
62 / 100
63 / 100
64 / 100
65 / 100
66 / 100
67 / 100
68 / 100
69 / 100
70 / 100
71 / 100
72 / 100
73 / 100
74 / 100
75 / 100
76 / 100
77 / 100
78 / 100
79 / 100
80 / 100
81 / 100
82 / 100
83 / 100
84 / 100
85 / 100
86 / 100
87 / 100
88 / 100
89 / 100
90 / 100
91 / 100
92 / 100
93 / 100
94 / 100
95 / 100
96 / 100
97 / 100
98 / 100
99 / 100
home directory = /home/xrhuang/Projects/Learning2Sync
found 2235 clean depth images...
0 / 100
1 / 100
2 / 100
3 / 100
4 / 100
5 / 100
6 / 100
7 / 100
8 / 100
9 / 100
10 / 100
11 / 100
12 / 100
13 / 100
14 / 100
15 / 100
16 / 100
17 / 100
18 / 100
19 / 100
20 / 100
21 / 100
22 / 100
23 / 100
24 / 100
25 / 100
26 / 100
27 / 100
28 / 100
29 / 100
30 / 100
31 / 100
32 / 100
33 / 100
34 / 100
35 / 100
36 / 100
37 / 100
38 / 100
39 / 100
40 / 100
41 / 100
42 / 100
43 / 100
44 / 100
45 / 100
46 / 100
47 / 100
48 / 100
49 / 100
50 / 100
51 / 100
52 / 100
53 / 100
54 / 100
55 / 100
56 / 100
57 / 100
58 / 100
59 / 100
60 / 100
61 / 100
62 / 100
63 / 100
64 / 100
65 / 100
66 / 100
67 / 100
68 / 100
69 / 100
70 / 100
71 / 100
72 / 100
73 / 100
74 / 100
75 / 100
76 / 100
77 / 100
78 / 100
79 / 100
80 / 100
81 / 100
82 / 100
83 / 100
84 / 100
85 / 100
86 / 100
87 / 100
88 / 100
89 / 100
90 / 100
91 / 100
92 / 100
93 / 100
94 / 100
95 / 100
96 / 100
97 / 100
98 / 100
99 / 100
home directory = /home/xrhuang/Projects/Learning2Sync
error on /home/xrhuang/Projects/Learning2Sync/dataset/scannet/scene0093_02/frame-000881.pose.txt: too many indices for array
ignoring frame frame-000881
home directory = /home/xrhuang/Projects/Learning2Sync
found 756 clean depth images...
0 / 100
1 / 100
2 / 100
3 / 100
4 / 100
5 / 100
6 / 100
7 / 100
8 / 100
9 / 100
10 / 100
11 / 100
12 / 100
13 / 100
14 / 100
15 / 100
16 / 100
17 / 100
18 / 100
19 / 100
20 / 100
21 / 100
22 / 100
23 / 100
24 / 100
25 / 100
26 / 100
27 / 100
28 / 100
29 / 100
30 / 100
31 / 100
32 / 100
33 / 100
34 / 100
35 / 100
36 / 100
37 / 100
38 / 100
39 / 100
40 / 100
41 / 100
42 / 100
43 / 100
44 / 100
45 / 100
46 / 100
47 / 100
48 / 100
49 / 100
50 / 100
51 / 100
52 / 100
53 / 100
54 / 100
55 / 100
56 / 100
57 / 100
58 / 100
59 / 100
60 / 100
61 / 100
62 / 100
63 / 100
64 / 100
65 / 100
66 / 100
67 / 100
68 / 100
69 / 100
70 / 100
71 / 100
72 / 100
73 / 100
74 / 100
75 / 100
76 / 100
77 / 100
78 / 100
79 / 100
80 / 100
81 / 100
82 / 100
83 / 100
84 / 100
85 / 100
86 / 100
87 / 100
88 / 100
89 / 100
90 / 100
91 / 100
92 / 100
93 / 100
94 / 100
95 / 100
96 / 100
97 / 100
98 / 100
99 / 100
home directory = /home/xrhuang/Projects/Learning2Sync
error on /home/xrhuang/Projects/Learning2Sync/dataset/scannet/scene0102_00/frame-001365.pose.txt: too many indices for array
ignoring frame frame-001365
home directory = /home/xrhuang/Projects/Learning2Sync
error on /home/xrhuang/Projects/Learning2Sync/dataset/scannet/scene0102_01/frame-001522.pose.txt: too many indices for array
ignoring frame frame-001522
home directory = /home/xrhuang/Projects/Learning2Sync
found 880 clean depth images...
0 / 100
1 / 100
2 / 100
3 / 100
4 / 100
5 / 100
6 / 100
7 / 100
8 / 100
9 / 100
10 / 100
11 / 100
12 / 100
13 / 100
14 / 100
15 / 100
16 / 100
17 / 100
18 / 100
19 / 100
20 / 100
21 / 100
22 / 100
23 / 100
24 / 100
25 / 100
26 / 100
27 / 100
28 / 100
29 / 100
30 / 100
31 / 100
32 / 100
33 / 100
34 / 100
35 / 100
36 / 100
37 / 100
38 / 100
39 / 100
40 / 100
41 / 100
42 / 100
43 / 100
44 / 100
45 / 100
46 / 100
47 / 100
48 / 100
49 / 100
50 / 100
51 / 100
52 / 100
53 / 100
54 / 100
55 / 100
56 / 100
57 / 100
58 / 100
59 / 100
60 / 100
61 / 100
62 / 100
63 / 100
64 / 100
65 / 100
66 / 100
67 / 100
68 / 100
69 / 100
70 / 100
71 / 100
72 / 100
73 / 100
74 / 100
75 / 100
76 / 100
77 / 100
78 / 100
79 / 100
80 / 100
81 / 100
82 / 100
83 / 100
84 / 100
85 / 100
86 / 100
87 / 100
88 / 100
89 / 100
90 / 100
91 / 100
92 / 100
93 / 100
94 / 100
95 / 100
96 / 100
97 / 100
98 / 100
99 / 100
home directory = /home/xrhuang/Projects/Learning2Sync
found 713 clean depth images...
0 / 100
1 / 100
2 / 100
3 / 100
4 / 100
5 / 100
6 / 100
7 / 100
8 / 100
9 / 100
10 / 100
11 / 100
12 / 100
13 / 100
14 / 100
15 / 100
16 / 100
17 / 100
18 / 100
19 / 100
20 / 100
21 / 100
22 / 100
23 / 100
24 / 100
25 / 100
26 / 100
27 / 100
28 / 100
29 / 100
30 / 100
31 / 100
32 / 100
33 / 100
34 / 100
35 / 100
36 / 100
37 / 100
38 / 100
39 / 100
40 / 100
41 / 100
42 / 100
43 / 100
44 / 100
45 / 100
46 / 100
47 / 100
48 / 100
49 / 100
50 / 100
51 / 100
52 / 100
53 / 100
54 / 100
55 / 100
56 / 100
57 / 100
58 / 100
59 / 100
60 / 100
61 / 100
62 / 100
63 / 100
64 / 100
65 / 100
66 / 100
67 / 100
68 / 100
69 / 100
70 / 100
71 / 100
72 / 100
73 / 100
74 / 100
75 / 100
76 / 100
77 / 100
78 / 100
79 / 100
80 / 100
81 / 100
82 / 100
83 / 100
84 / 100
85 / 100
86 / 100
87 / 100
88 / 100
89 / 100
90 / 100
91 / 100
92 / 100
93 / 100
94 / 100
95 / 100
96 / 100
97 / 100
98 / 100
99 / 100
home directory = /home/xrhuang/Projects/Learning2Sync
found 925 clean depth images...
0 / 100
1 / 100
2 / 100
3 / 100
4 / 100
5 / 100
6 / 100
7 / 100
8 / 100
9 / 100
10 / 100
11 / 100
12 / 100
13 / 100
14 / 100
15 / 100
16 / 100
17 / 100
18 / 100
19 / 100
20 / 100
21 / 100
22 / 100
23 / 100
24 / 100
25 / 100
26 / 100
27 / 100
28 / 100
29 / 100
30 / 100
31 / 100
32 / 100
33 / 100
34 / 100
35 / 100
36 / 100
37 / 100
38 / 100
39 / 100
40 / 100
41 / 100
42 / 100
43 / 100
44 / 100
45 / 100
46 / 100
47 / 100
48 / 100
49 / 100
50 / 100
51 / 100
52 / 100
53 / 100
54 / 100
55 / 100
56 / 100
57 / 100
58 / 100
59 / 100
60 / 100
61 / 100
62 / 100
63 / 100
64 / 100
65 / 100
66 / 100
67 / 100
68 / 100
69 / 100
70 / 100
71 / 100
72 / 100
73 / 100
74 / 100
75 / 100
76 / 100
77 / 100
78 / 100
79 / 100
80 / 100
81 / 100
82 / 100
83 / 100
84 / 100
85 / 100
86 / 100
87 / 100
88 / 100
89 / 100
90 / 100
91 / 100
92 / 100
93 / 100
94 / 100
95 / 100
96 / 100
97 / 100
98 / 100
99 / 100
home directory = /home/xrhuang/Projects/Learning2Sync
error on /home/xrhuang/Projects/Learning2Sync/dataset/scannet/scene0124_00/frame-001220.pose.txt: too many indices for array
ignoring frame frame-001220
home directory = /home/xrhuang/Projects/Learning2Sync
error on /home/xrhuang/Projects/Learning2Sync/dataset/scannet/scene0129_00/frame-001415.pose.txt: too many indices for array
ignoring frame frame-001415
home directory = /home/xrhuang/Projects/Learning2Sync
error on /home/xrhuang/Projects/Learning2Sync/dataset/scannet/scene0133_00/frame-000392.pose.txt: bottom right corner should be one
ignoring frame frame-000392
home directory = /home/xrhuang/Projects/Learning2Sync
found 1126 clean depth images...
0 / 100
1 / 100
2 / 100
3 / 100
4 / 100
5 / 100
6 / 100
7 / 100
8 / 100
9 / 100
10 / 100
11 / 100
12 / 100
13 / 100
14 / 100
15 / 100
16 / 100
17 / 100
18 / 100
19 / 100
20 / 100
21 / 100
22 / 100
23 / 100
24 / 100
25 / 100
26 / 100
27 / 100
28 / 100
29 / 100
30 / 100
31 / 100
32 / 100
33 / 100
34 / 100
35 / 100
36 / 100
37 / 100
38 / 100
39 / 100
40 / 100
41 / 100
42 / 100
43 / 100
44 / 100
45 / 100
46 / 100
47 / 100
48 / 100
49 / 100
50 / 100
51 / 100
52 / 100
53 / 100
54 / 100
55 / 100
56 / 100
57 / 100
58 / 100
59 / 100
60 / 100
61 / 100
62 / 100
63 / 100
64 / 100
65 / 100
66 / 100
67 / 100
68 / 100
69 / 100
70 / 100
71 / 100
72 / 100
73 / 100
74 / 100
75 / 100
76 / 100
77 / 100
78 / 100
79 / 100
80 / 100
81 / 100
82 / 100
83 / 100
84 / 100
85 / 100
86 / 100
87 / 100
88 / 100
89 / 100
90 / 100
91 / 100
92 / 100
93 / 100
94 / 100
95 / 100
96 / 100
97 / 100
98 / 100
99 / 100
home directory = /home/xrhuang/Projects/Learning2Sync
error on /home/xrhuang/Projects/Learning2Sync/dataset/scannet/scene0141_02/frame-000712.pose.txt: too many indices for array
ignoring frame frame-000712
home directory = /home/xrhuang/Projects/Learning2Sync
error on /home/xrhuang/Projects/Learning2Sync/dataset/scannet/scene0146_02/frame-000888.pose.txt: bottom right corner should be one
ignoring frame frame-000888
home directory = /home/xrhuang/Projects/Learning2Sync
error on /home/xrhuang/Projects/Learning2Sync/dataset/scannet/scene0152_01/frame-000891.pose.txt: bottom right corner should be one
ignoring frame frame-000891
home directory = /home/xrhuang/Projects/Learning2Sync
error on /home/xrhuang/Projects/Learning2Sync/dataset/scannet/scene0157_00/frame-000755.pose.txt: bottom right corner should be one
ignoring frame frame-000755
home directory = /home/xrhuang/Projects/Learning2Sync
error on /home/xrhuang/Projects/Learning2Sync/dataset/scannet/scene0158_01/frame-000753.pose.txt: too many indices for array
ignoring frame frame-000753
home directory = /home/xrhuang/Projects/Learning2Sync
error on /home/xrhuang/Projects/Learning2Sync/dataset/scannet/scene0164_02/frame-000588.pose.txt: too many indices for array
ignoring frame frame-000588
home directory = /home/xrhuang/Projects/Learning2Sync
found 839 clean depth images...
0 / 100
1 / 100
2 / 100
3 / 100
4 / 100
5 / 100
6 / 100
7 / 100
8 / 100
9 / 100
10 / 100
11 / 100
12 / 100
13 / 100
14 / 100
15 / 100
16 / 100
17 / 100
18 / 100
19 / 100
20 / 100
21 / 100
22 / 100
23 / 100
24 / 100
25 / 100
26 / 100
27 / 100
28 / 100
29 / 100
30 / 100
31 / 100
32 / 100
33 / 100
34 / 100
35 / 100
36 / 100
37 / 100
38 / 100
39 / 100
40 / 100
41 / 100
42 / 100
43 / 100
44 / 100
45 / 100
46 / 100
47 / 100
48 / 100
49 / 100
50 / 100
51 / 100
52 / 100
53 / 100
54 / 100
55 / 100
56 / 100
57 / 100
58 / 100
59 / 100
60 / 100
61 / 100
62 / 100
63 / 100
64 / 100
65 / 100
66 / 100
67 / 100
68 / 100
69 / 100
70 / 100
71 / 100
72 / 100
73 / 100
74 / 100
75 / 100
76 / 100
77 / 100
78 / 100
79 / 100
80 / 100
81 / 100
82 / 100
83 / 100
84 / 100
85 / 100
86 / 100
87 / 100
88 / 100
89 / 100
90 / 100
91 / 100
92 / 100
93 / 100
94 / 100
95 / 100
96 / 100
97 / 100
98 / 100
99 / 100
home directory = /home/xrhuang/Projects/Learning2Sync
error on /home/xrhuang/Projects/Learning2Sync/dataset/scannet/scene0177_02/frame-002250.pose.txt: bottom right corner should be one
ignoring frame frame-002250
home directory = /home/xrhuang/Projects/Learning2Sync
found 685 clean depth images...
0 / 100
1 / 100
2 / 100
3 / 100
4 / 100
5 / 100
6 / 100
7 / 100
8 / 100
9 / 100
10 / 100
11 / 100
12 / 100
13 / 100
14 / 100
15 / 100
16 / 100
17 / 100
18 / 100
19 / 100
20 / 100
21 / 100
22 / 100
23 / 100
24 / 100
25 / 100
26 / 100
27 / 100
28 / 100
29 / 100
30 / 100
31 / 100
32 / 100
33 / 100
34 / 100
35 / 100
36 / 100
37 / 100
38 / 100
39 / 100
40 / 100
41 / 100
42 / 100
43 / 100
44 / 100
45 / 100
46 / 100
47 / 100
48 / 100
49 / 100
50 / 100
51 / 100
52 / 100
53 / 100
54 / 100
55 / 100
56 / 100
57 / 100
58 / 100
59 / 100
60 / 100
61 / 100
62 / 100
63 / 100
64 / 100
65 / 100
66 / 100
67 / 100
68 / 100
69 / 100
70 / 100
71 / 100
72 / 100
73 / 100
74 / 100
75 / 100
76 / 100
77 / 100
78 / 100
79 / 100
80 / 100
81 / 100
82 / 100
83 / 100
84 / 100
85 / 100
86 / 100
87 / 100
88 / 100
89 / 100
90 / 100
91 / 100
92 / 100
93 / 100
94 / 100
95 / 100
96 / 100
97 / 100
98 / 100
99 / 100
home directory = /home/xrhuang/Projects/Learning2Sync
error on /home/xrhuang/Projects/Learning2Sync/dataset/scannet/scene0184_00/frame-001661.pose.txt: too many indices for array
ignoring frame frame-001661
home directory = /home/xrhuang/Projects/Learning2Sync
found 1967 clean depth images...
0 / 100
1 / 100
2 / 100
3 / 100
4 / 100
5 / 100
6 / 100
7 / 100
8 / 100
9 / 100
10 / 100
11 / 100
12 / 100
13 / 100
14 / 100
15 / 100
16 / 100
17 / 100
18 / 100
19 / 100
20 / 100
21 / 100
22 / 100
23 / 100
24 / 100
25 / 100
26 / 100
27 / 100
28 / 100
29 / 100
30 / 100
31 / 100
32 / 100
33 / 100
34 / 100
35 / 100
36 / 100
37 / 100
38 / 100
39 / 100
40 / 100
41 / 100
42 / 100
43 / 100
44 / 100
45 / 100
46 / 100
47 / 100
48 / 100
49 / 100
50 / 100
51 / 100
52 / 100
53 / 100
54 / 100
55 / 100
56 / 100
57 / 100
58 / 100
59 / 100
60 / 100
61 / 100
62 / 100
63 / 100
64 / 100
65 / 100
66 / 100
67 / 100
68 / 100
69 / 100
70 / 100
71 / 100
72 / 100
73 / 100
74 / 100
75 / 100
76 / 100
77 / 100
78 / 100
79 / 100
80 / 100
81 / 100
82 / 100
83 / 100
84 / 100
85 / 100
86 / 100
87 / 100
88 / 100
89 / 100
90 / 100
91 / 100
92 / 100
93 / 100
94 / 100
95 / 100
96 / 100
97 / 100
98 / 100
99 / 100
home directory = /home/xrhuang/Projects/Learning2Sync
found 1380 clean depth images...
0 / 100
1 / 100
2 / 100
3 / 100
4 / 100
5 / 100
6 / 100
7 / 100
8 / 100
9 / 100
10 / 100
11 / 100
12 / 100
13 / 100
14 / 100
15 / 100
16 / 100
17 / 100
18 / 100
19 / 100
20 / 100
21 / 100
22 / 100
23 / 100
24 / 100
25 / 100
26 / 100
27 / 100
28 / 100
29 / 100
30 / 100
31 / 100
32 / 100
33 / 100
34 / 100
35 / 100
36 / 100
37 / 100
38 / 100
39 / 100
40 / 100
41 / 100
42 / 100
43 / 100
44 / 100
45 / 100
46 / 100
47 / 100
48 / 100
49 / 100
50 / 100
51 / 100
52 / 100
53 / 100
54 / 100
55 / 100
56 / 100
57 / 100
58 / 100
59 / 100
60 / 100
61 / 100
62 / 100
63 / 100
64 / 100
65 / 100
66 / 100
67 / 100
68 / 100
69 / 100
70 / 100
71 / 100
72 / 100
73 / 100
74 / 100
75 / 100
76 / 100
77 / 100
78 / 100
79 / 100
80 / 100
81 / 100
82 / 100
83 / 100
84 / 100
85 / 100
86 / 100
87 / 100
88 / 100
89 / 100
90 / 100
91 / 100
92 / 100
93 / 100
94 / 100
95 / 100
96 / 100
97 / 100
98 / 100
99 / 100
home directory = /home/xrhuang/Projects/Learning2Sync
error on /home/xrhuang/Projects/Learning2Sync/dataset/scannet/scene0200_00/frame-000730.pose.txt: bottom right corner should be one
ignoring frame frame-000730
home directory = /home/xrhuang/Projects/Learning2Sync
error on /home/xrhuang/Projects/Learning2Sync/dataset/scannet/scene0204_02/frame-000600.pose.txt: bottom right corner should be one
ignoring frame frame-000600
home directory = /home/xrhuang/Projects/Learning2Sync
error on /home/xrhuang/Projects/Learning2Sync/dataset/scannet/scene0206_00/frame-001404.pose.txt: too many indices for array
ignoring frame frame-001404
home directory = /home/xrhuang/Projects/Learning2Sync
error on /home/xrhuang/Projects/Learning2Sync/dataset/scannet/scene0208_00/frame-000651.pose.txt: bottom right corner should be one
ignoring frame frame-000651
home directory = /home/xrhuang/Projects/Learning2Sync
found 1940 clean depth images...
0 / 100
1 / 100
2 / 100
3 / 100
4 / 100
5 / 100
6 / 100
7 / 100
8 / 100
9 / 100
10 / 100
11 / 100
12 / 100
13 / 100
14 / 100
15 / 100
16 / 100
17 / 100
18 / 100
19 / 100
20 / 100
21 / 100
22 / 100
23 / 100
24 / 100
25 / 100
26 / 100
27 / 100
28 / 100
29 / 100
30 / 100
31 / 100
32 / 100
33 / 100
34 / 100
35 / 100
36 / 100
37 / 100
38 / 100
39 / 100
40 / 100
41 / 100
42 / 100
43 / 100
44 / 100
45 / 100
46 / 100
47 / 100
48 / 100
49 / 100
50 / 100
51 / 100
52 / 100
53 / 100
54 / 100
55 / 100
56 / 100
57 / 100
58 / 100
59 / 100
60 / 100
61 / 100
62 / 100
63 / 100
64 / 100
65 / 100
66 / 100
67 / 100
68 / 100
69 / 100
70 / 100
71 / 100
72 / 100
73 / 100
74 / 100
75 / 100
76 / 100
77 / 100
78 / 100
79 / 100
80 / 100
81 / 100
82 / 100
83 / 100
84 / 100
85 / 100
86 / 100
87 / 100
88 / 100
89 / 100
90 / 100
91 / 100
92 / 100
93 / 100
94 / 100
95 / 100
96 / 100
97 / 100
98 / 100
99 / 100
home directory = /home/xrhuang/Projects/Learning2Sync
found 1157 clean depth images...
0 / 100
1 / 100
2 / 100
3 / 100
4 / 100
5 / 100
6 / 100
7 / 100
8 / 100
9 / 100
10 / 100
11 / 100
12 / 100
13 / 100
14 / 100
15 / 100
16 / 100
17 / 100
18 / 100
19 / 100
20 / 100
21 / 100
22 / 100
23 / 100
24 / 100
25 / 100
26 / 100
27 / 100
28 / 100
29 / 100
30 / 100
31 / 100
32 / 100
33 / 100
34 / 100
35 / 100
36 / 100
37 / 100
38 / 100
39 / 100
40 / 100
41 / 100
42 / 100
43 / 100
44 / 100
45 / 100
46 / 100
47 / 100
48 / 100
49 / 100
50 / 100
51 / 100
52 / 100
53 / 100
54 / 100
55 / 100
56 / 100
57 / 100
58 / 100
59 / 100
60 / 100
61 / 100
62 / 100
63 / 100
64 / 100
65 / 100
66 / 100
67 / 100
68 / 100
69 / 100
70 / 100
71 / 100
72 / 100
73 / 100
74 / 100
75 / 100
76 / 100
77 / 100
78 / 100
79 / 100
80 / 100
81 / 100
82 / 100
83 / 100
84 / 100
85 / 100
86 / 100
87 / 100
88 / 100
89 / 100
90 / 100
91 / 100
92 / 100
93 / 100
94 / 100
95 / 100
96 / 100
97 / 100
98 / 100
99 / 100
home directory = /home/xrhuang/Projects/Learning2Sync
error on /home/xrhuang/Projects/Learning2Sync/dataset/scannet/scene0215_00/frame-000770.pose.txt: bottom right corner should be one
ignoring frame frame-000770
home directory = /home/xrhuang/Projects/Learning2Sync
error on /home/xrhuang/Projects/Learning2Sync/dataset/scannet/scene0223_00/frame-001030.pose.txt: bottom right corner should be one
ignoring frame frame-001030
home directory = /home/xrhuang/Projects/Learning2Sync
found 1127 clean depth images...
0 / 100
1 / 100
2 / 100
3 / 100
4 / 100
5 / 100
6 / 100
7 / 100
8 / 100
9 / 100
10 / 100
11 / 100
12 / 100
13 / 100
14 / 100
15 / 100
16 / 100
17 / 100
18 / 100
19 / 100
20 / 100
21 / 100
22 / 100
23 / 100
24 / 100
25 / 100
26 / 100
27 / 100
28 / 100
29 / 100
30 / 100
31 / 100
32 / 100
33 / 100
34 / 100
35 / 100
36 / 100
37 / 100
38 / 100
39 / 100
40 / 100
41 / 100
42 / 100
43 / 100
44 / 100
45 / 100
46 / 100
47 / 100
48 / 100
49 / 100
50 / 100
51 / 100
52 / 100
53 / 100
54 / 100
55 / 100
56 / 100
57 / 100
58 / 100
59 / 100
60 / 100
61 / 100
62 / 100
63 / 100
64 / 100
65 / 100
66 / 100
67 / 100
68 / 100
69 / 100
70 / 100
71 / 100
72 / 100
73 / 100
74 / 100
75 / 100
76 / 100
77 / 100
78 / 100
79 / 100
80 / 100
81 / 100
82 / 100
83 / 100
84 / 100
85 / 100
86 / 100
87 / 100
88 / 100
89 / 100
90 / 100
91 / 100
92 / 100
93 / 100
94 / 100
95 / 100
96 / 100
97 / 100
98 / 100
99 / 100
home directory = /home/xrhuang/Projects/Learning2Sync
found 1035 clean depth images...
0 / 100
1 / 100
2 / 100
3 / 100
4 / 100
5 / 100
6 / 100
7 / 100
8 / 100
9 / 100
10 / 100
11 / 100
12 / 100
13 / 100
14 / 100
15 / 100
16 / 100
17 / 100
18 / 100
19 / 100
20 / 100
21 / 100
22 / 100
23 / 100
24 / 100
25 / 100
26 / 100
27 / 100
28 / 100
29 / 100
30 / 100
31 / 100
32 / 100
33 / 100
34 / 100
35 / 100
36 / 100
37 / 100
38 / 100
39 / 100
40 / 100
41 / 100
42 / 100
43 / 100
44 / 100
45 / 100
46 / 100
47 / 100
48 / 100
49 / 100
50 / 100
51 / 100
52 / 100
53 / 100
54 / 100
55 / 100
56 / 100
57 / 100
58 / 100
59 / 100
60 / 100
61 / 100
62 / 100
63 / 100
64 / 100
65 / 100
66 / 100
67 / 100
68 / 100
69 / 100
70 / 100
71 / 100
72 / 100
73 / 100
74 / 100
75 / 100
76 / 100
77 / 100
78 / 100
79 / 100
80 / 100
81 / 100
82 / 100
83 / 100
84 / 100
85 / 100
86 / 100
87 / 100
88 / 100
89 / 100
90 / 100
91 / 100
92 / 100
93 / 100
94 / 100
95 / 100
96 / 100
97 / 100
98 / 100
99 / 100
home directory = /home/xrhuang/Projects/Learning2Sync
error on /home/xrhuang/Projects/Learning2Sync/dataset/scannet/scene0231_01/frame-003938.pose.txt: bottom right corner should be one
ignoring frame frame-003938
home directory = /home/xrhuang/Projects/Learning2Sync
error on /home/xrhuang/Projects/Learning2Sync/dataset/scannet/scene0237_01/frame-000280.pose.txt: bottom right corner should be one
ignoring frame frame-000280
home directory = /home/xrhuang/Projects/Learning2Sync
found 586 clean depth images...
0 / 100
1 / 100
2 / 100
3 / 100
4 / 100
5 / 100
6 / 100
7 / 100
8 / 100
9 / 100
10 / 100
11 / 100
12 / 100
13 / 100
14 / 100
15 / 100
16 / 100
17 / 100
18 / 100
19 / 100
20 / 100
21 / 100
22 / 100
23 / 100
24 / 100
25 / 100
26 / 100
27 / 100
28 / 100
29 / 100
30 / 100
31 / 100
32 / 100
33 / 100
34 / 100
35 / 100
36 / 100
37 / 100
38 / 100
39 / 100
40 / 100
41 / 100
42 / 100
43 / 100
44 / 100
45 / 100
46 / 100
47 / 100
48 / 100
49 / 100
50 / 100
51 / 100
52 / 100
53 / 100
54 / 100
55 / 100
56 / 100
57 / 100
58 / 100
59 / 100
60 / 100
61 / 100
62 / 100
63 / 100
64 / 100
65 / 100
66 / 100
67 / 100
68 / 100
69 / 100
70 / 100
71 / 100
72 / 100
73 / 100
74 / 100
75 / 100
76 / 100
77 / 100
78 / 100
79 / 100
80 / 100
81 / 100
82 / 100
83 / 100
84 / 100
85 / 100
86 / 100
87 / 100
88 / 100
89 / 100
90 / 100
91 / 100
92 / 100
93 / 100
94 / 100
95 / 100
96 / 100
97 / 100
98 / 100
99 / 100
home directory = /home/xrhuang/Projects/Learning2Sync
error on /home/xrhuang/Projects/Learning2Sync/dataset/scannet/scene0238_01/frame-000086.pose.txt: bottom right corner should be one
ignoring frame frame-000086
home directory = /home/xrhuang/Projects/Learning2Sync
error on /home/xrhuang/Projects/Learning2Sync/dataset/scannet/scene0241_02/frame-000753.pose.txt: too many indices for array
ignoring frame frame-000753
home directory = /home/xrhuang/Projects/Learning2Sync
found 917 clean depth images...
0 / 100
1 / 100
2 / 100
3 / 100
4 / 100
5 / 100
6 / 100
7 / 100
8 / 100
9 / 100
10 / 100
11 / 100
12 / 100
13 / 100
14 / 100
15 / 100
16 / 100
17 / 100
18 / 100
19 / 100
20 / 100
21 / 100
22 / 100
23 / 100
24 / 100
25 / 100
26 / 100
27 / 100
28 / 100
29 / 100
30 / 100
31 / 100
32 / 100
33 / 100
34 / 100
35 / 100
36 / 100
37 / 100
38 / 100
39 / 100
40 / 100
41 / 100
42 / 100
43 / 100
44 / 100
45 / 100
46 / 100
47 / 100
48 / 100
49 / 100
50 / 100
51 / 100
52 / 100
53 / 100
54 / 100
55 / 100
56 / 100
57 / 100
58 / 100
59 / 100
60 / 100
61 / 100
62 / 100
63 / 100
64 / 100
65 / 100
66 / 100
67 / 100
68 / 100
69 / 100
70 / 100
71 / 100
72 / 100
73 / 100
74 / 100
75 / 100
76 / 100
77 / 100
78 / 100
79 / 100
80 / 100
81 / 100
82 / 100
83 / 100
84 / 100
85 / 100
86 / 100
87 / 100
88 / 100
89 / 100
90 / 100
91 / 100
92 / 100
93 / 100
94 / 100
95 / 100
96 / 100
97 / 100
98 / 100
99 / 100
home directory = /home/xrhuang/Projects/Learning2Sync
error on /home/xrhuang/Projects/Learning2Sync/dataset/scannet/scene0247_01/frame-001764.pose.txt: too many indices for array
ignoring frame frame-001764
home directory = /home/xrhuang/Projects/Learning2Sync
found 1074 clean depth images...
0 / 100
1 / 100
2 / 100
3 / 100
4 / 100
5 / 100
6 / 100
7 / 100
8 / 100
9 / 100
10 / 100
11 / 100
12 / 100
13 / 100
14 / 100
15 / 100
16 / 100
17 / 100
18 / 100
19 / 100
20 / 100
21 / 100
22 / 100
23 / 100
24 / 100
25 / 100
26 / 100
27 / 100
28 / 100
29 / 100
30 / 100
31 / 100
32 / 100
33 / 100
34 / 100
35 / 100
36 / 100
37 / 100
38 / 100
39 / 100
40 / 100
41 / 100
42 / 100
43 / 100
44 / 100
45 / 100
46 / 100
47 / 100
48 / 100
49 / 100
50 / 100
51 / 100
52 / 100
53 / 100
54 / 100
55 / 100
56 / 100
57 / 100
58 / 100
59 / 100
60 / 100
61 / 100
62 / 100
63 / 100
64 / 100
65 / 100
66 / 100
67 / 100
68 / 100
69 / 100
70 / 100
71 / 100
72 / 100
73 / 100
74 / 100
75 / 100
76 / 100
77 / 100
78 / 100
79 / 100
80 / 100
81 / 100
82 / 100
83 / 100
84 / 100
85 / 100
86 / 100
87 / 100
88 / 100
89 / 100
90 / 100
91 / 100
92 / 100
93 / 100
94 / 100
95 / 100
96 / 100
97 / 100
98 / 100
99 / 100
home directory = /home/xrhuang/Projects/Learning2Sync
error on /home/xrhuang/Projects/Learning2Sync/dataset/scannet/scene0256_01/frame-001252.pose.txt: bottom right corner should be one
ignoring frame frame-001252
home directory = /home/xrhuang/Projects/Learning2Sync
error on /home/xrhuang/Projects/Learning2Sync/dataset/scannet/scene0258_00/frame-000169.pose.txt: bottom right corner should be one
ignoring frame frame-000169
home directory = /home/xrhuang/Projects/Learning2Sync
error on /home/xrhuang/Projects/Learning2Sync/dataset/scannet/scene0259_00/frame-000192.pose.txt: bottom right corner should be one
ignoring frame frame-000192
home directory = /home/xrhuang/Projects/Learning2Sync
error on /home/xrhuang/Projects/Learning2Sync/dataset/scannet/scene0260_01/frame-001196.pose.txt: too many indices for array
ignoring frame frame-001196
home directory = /home/xrhuang/Projects/Learning2Sync
found 2414 clean depth images...
0 / 100
1 / 100
2 / 100
3 / 100
4 / 100
5 / 100
6 / 100
7 / 100
8 / 100
9 / 100
10 / 100
11 / 100
12 / 100
13 / 100
14 / 100
15 / 100
16 / 100
17 / 100
18 / 100
19 / 100
20 / 100
21 / 100
22 / 100
23 / 100
24 / 100
25 / 100
26 / 100
27 / 100
28 / 100
29 / 100
30 / 100
31 / 100
32 / 100
33 / 100
34 / 100
35 / 100
36 / 100
37 / 100
38 / 100
39 / 100
40 / 100
41 / 100
42 / 100
43 / 100
44 / 100
45 / 100
46 / 100
47 / 100
48 / 100
49 / 100
50 / 100
51 / 100
52 / 100
53 / 100
54 / 100
55 / 100
56 / 100
57 / 100
58 / 100
59 / 100
60 / 100
61 / 100
62 / 100
63 / 100
64 / 100
65 / 100
66 / 100
67 / 100
68 / 100
69 / 100
70 / 100
71 / 100
72 / 100
73 / 100
74 / 100
75 / 100
76 / 100
77 / 100
78 / 100
79 / 100
80 / 100
81 / 100
82 / 100
83 / 100
84 / 100
85 / 100
86 / 100
87 / 100
88 / 100
89 / 100
90 / 100
91 / 100
92 / 100
93 / 100
94 / 100
95 / 100
96 / 100
97 / 100
98 / 100
99 / 100
home directory = /home/xrhuang/Projects/Learning2Sync
found 1738 clean depth images...
0 / 100
1 / 100
2 / 100
3 / 100
4 / 100
5 / 100
6 / 100
7 / 100
8 / 100
9 / 100
10 / 100
11 / 100
12 / 100
13 / 100
14 / 100
15 / 100
16 / 100
17 / 100
18 / 100
19 / 100
20 / 100
21 / 100
22 / 100
23 / 100
24 / 100
25 / 100
26 / 100
27 / 100
28 / 100
29 / 100
30 / 100
31 / 100
32 / 100
33 / 100
34 / 100
35 / 100
36 / 100
37 / 100
38 / 100
39 / 100
40 / 100
41 / 100
42 / 100
43 / 100
44 / 100
45 / 100
46 / 100
47 / 100
48 / 100
49 / 100
50 / 100
51 / 100
52 / 100
53 / 100
54 / 100
55 / 100
56 / 100
57 / 100
58 / 100
59 / 100
60 / 100
61 / 100
62 / 100
63 / 100
64 / 100
65 / 100
66 / 100
67 / 100
68 / 100
69 / 100
70 / 100
71 / 100
72 / 100
73 / 100
74 / 100
75 / 100
76 / 100
77 / 100
78 / 100
79 / 100
80 / 100
81 / 100
82 / 100
83 / 100
84 / 100
85 / 100
86 / 100
87 / 100
88 / 100
89 / 100
90 / 100
91 / 100
92 / 100
93 / 100
94 / 100
95 / 100
96 / 100
97 / 100
98 / 100
99 / 100
home directory = /home/xrhuang/Projects/Learning2Sync
found 1543 clean depth images...
0 / 100
1 / 100
2 / 100
3 / 100
4 / 100
5 / 100
6 / 100
7 / 100
8 / 100
9 / 100
10 / 100
11 / 100
12 / 100
13 / 100
14 / 100
15 / 100
16 / 100
17 / 100
18 / 100
19 / 100
20 / 100
21 / 100
22 / 100
23 / 100
24 / 100
25 / 100
26 / 100
27 / 100
28 / 100
29 / 100
30 / 100
31 / 100
32 / 100
33 / 100
34 / 100
35 / 100
36 / 100
37 / 100
38 / 100
39 / 100
40 / 100
41 / 100
42 / 100
43 / 100
44 / 100
45 / 100
46 / 100
47 / 100
48 / 100
49 / 100
50 / 100
51 / 100
52 / 100
53 / 100
54 / 100
55 / 100
56 / 100
57 / 100
58 / 100
59 / 100
60 / 100
61 / 100
62 / 100
63 / 100
64 / 100
65 / 100
66 / 100
67 / 100
68 / 100
69 / 100
70 / 100
71 / 100
72 / 100
73 / 100
74 / 100
75 / 100
76 / 100
77 / 100
78 / 100
79 / 100
80 / 100
81 / 100
82 / 100
83 / 100
84 / 100
85 / 100
86 / 100
87 / 100
88 / 100
89 / 100
90 / 100
91 / 100
92 / 100
93 / 100
94 / 100
95 / 100
96 / 100
97 / 100
98 / 100
99 / 100
home directory = /home/xrhuang/Projects/Learning2Sync
error on /home/xrhuang/Projects/Learning2Sync/dataset/scannet/scene0269_01/frame-000533.pose.txt: bottom right corner should be one
ignoring frame frame-000533
home directory = /home/xrhuang/Projects/Learning2Sync
error on /home/xrhuang/Projects/Learning2Sync/dataset/scannet/scene0272_00/frame-000050.pose.txt: bottom right corner should be one
ignoring frame frame-000050
home directory = /home/xrhuang/Projects/Learning2Sync
found 1564 clean depth images...
0 / 100
1 / 100
2 / 100
3 / 100
4 / 100
5 / 100
6 / 100
7 / 100
8 / 100
9 / 100
10 / 100
11 / 100
12 / 100
13 / 100
14 / 100
15 / 100
16 / 100
17 / 100
18 / 100
19 / 100
20 / 100
21 / 100
22 / 100
23 / 100
24 / 100
25 / 100
26 / 100
27 / 100
28 / 100
29 / 100
30 / 100
31 / 100
32 / 100
33 / 100
34 / 100
35 / 100
36 / 100
37 / 100
38 / 100
39 / 100
40 / 100
41 / 100
42 / 100
43 / 100
44 / 100
45 / 100
46 / 100
47 / 100
48 / 100
49 / 100
50 / 100
51 / 100
52 / 100
53 / 100
54 / 100
55 / 100
56 / 100
57 / 100
58 / 100
59 / 100
60 / 100
61 / 100
62 / 100
63 / 100
64 / 100
65 / 100
66 / 100
67 / 100
68 / 100
69 / 100
70 / 100
71 / 100
72 / 100
73 / 100
74 / 100
75 / 100
76 / 100
77 / 100
78 / 100
79 / 100
80 / 100
81 / 100
82 / 100
83 / 100
84 / 100
85 / 100
86 / 100
87 / 100
88 / 100
89 / 100
90 / 100
91 / 100
92 / 100
93 / 100
94 / 100
95 / 100
96 / 100
97 / 100
98 / 100
99 / 100
home directory = /home/xrhuang/Projects/Learning2Sync
error on /home/xrhuang/Projects/Learning2Sync/dataset/scannet/scene0276_00/frame-002030.pose.txt: bottom right corner should be one
ignoring frame frame-002030
home directory = /home/xrhuang/Projects/Learning2Sync
error on /home/xrhuang/Projects/Learning2Sync/dataset/scannet/scene0276_01/frame-001239.pose.txt: too many indices for array
ignoring frame frame-001239
home directory = /home/xrhuang/Projects/Learning2Sync
error on /home/xrhuang/Projects/Learning2Sync/dataset/scannet/scene0284_00/frame-000021.pose.txt: bottom right corner should be one
ignoring frame frame-000021
home directory = /home/xrhuang/Projects/Learning2Sync
error on /home/xrhuang/Projects/Learning2Sync/dataset/scannet/scene0286_02/frame-000958.pose.txt: bottom right corner should be one
ignoring frame frame-000958
home directory = /home/xrhuang/Projects/Learning2Sync
error on /home/xrhuang/Projects/Learning2Sync/dataset/scannet/scene0288_01/frame-001145.pose.txt: bottom right corner should be one
ignoring frame frame-001145
home directory = /home/xrhuang/Projects/Learning2Sync
error on /home/xrhuang/Projects/Learning2Sync/dataset/scannet/scene0302_00/frame-000090.pose.txt: bottom right corner should be one
ignoring frame frame-000090
home directory = /home/xrhuang/Projects/Learning2Sync
found 1309 clean depth images...
0 / 100
1 / 100
2 / 100
3 / 100
4 / 100
5 / 100
6 / 100
7 / 100
8 / 100
9 / 100
10 / 100
11 / 100
12 / 100
13 / 100
14 / 100
15 / 100
16 / 100
17 / 100
18 / 100
19 / 100
20 / 100
21 / 100
22 / 100
23 / 100
24 / 100
25 / 100
26 / 100
27 / 100
28 / 100
29 / 100
30 / 100
31 / 100
32 / 100
33 / 100
34 / 100
35 / 100
36 / 100
37 / 100
38 / 100
39 / 100
40 / 100
41 / 100
42 / 100
43 / 100
44 / 100
45 / 100
46 / 100
47 / 100
48 / 100
49 / 100
50 / 100
51 / 100
52 / 100
53 / 100
54 / 100
55 / 100
56 / 100
57 / 100
58 / 100
59 / 100
60 / 100
61 / 100
62 / 100
63 / 100
64 / 100
65 / 100
66 / 100
67 / 100
68 / 100
69 / 100
70 / 100
71 / 100
72 / 100
73 / 100
74 / 100
75 / 100
76 / 100
77 / 100
78 / 100
79 / 100
80 / 100
81 / 100
82 / 100
83 / 100
84 / 100
85 / 100
86 / 100
87 / 100
88 / 100
89 / 100
90 / 100
91 / 100
92 / 100
93 / 100
94 / 100
95 / 100
96 / 100
97 / 100
98 / 100
99 / 100
home directory = /home/xrhuang/Projects/Learning2Sync
error on /home/xrhuang/Projects/Learning2Sync/dataset/scannet/scene0310_01/frame-000001.pose.txt: /home/xrhuang/Projects/Learning2Sync/dataset/scannet/scene0310_01/frame-000001.pose.txt not found.
ignoring frame frame-000001
home directory = /home/xrhuang/Projects/Learning2Sync
found 928 clean depth images...
0 / 100
1 / 100
2 / 100
3 / 100
4 / 100
5 / 100
6 / 100
7 / 100
8 / 100
9 / 100
10 / 100
11 / 100
12 / 100
13 / 100
14 / 100
15 / 100
16 / 100
17 / 100
18 / 100
19 / 100
20 / 100
21 / 100
22 / 100
23 / 100
24 / 100
25 / 100
26 / 100
27 / 100
28 / 100
29 / 100
30 / 100
31 / 100
32 / 100
33 / 100
34 / 100
35 / 100
36 / 100
37 / 100
38 / 100
39 / 100
40 / 100
41 / 100
42 / 100
43 / 100
44 / 100
45 / 100
46 / 100
47 / 100
48 / 100
49 / 100
50 / 100
51 / 100
52 / 100
53 / 100
54 / 100
55 / 100
56 / 100
57 / 100
58 / 100
59 / 100
60 / 100
61 / 100
62 / 100
63 / 100
64 / 100
65 / 100
66 / 100
67 / 100
68 / 100
69 / 100
70 / 100
71 / 100
72 / 100
73 / 100
74 / 100
75 / 100
76 / 100
77 / 100
78 / 100
79 / 100
80 / 100
81 / 100
82 / 100
83 / 100
84 / 100
85 / 100
86 / 100
87 / 100
88 / 100
89 / 100
90 / 100
91 / 100
92 / 100
93 / 100
94 / 100
95 / 100
96 / 100
97 / 100
98 / 100
99 / 100
home directory = /home/xrhuang/Projects/Learning2Sync
found 770 clean depth images...
0 / 100
1 / 100
2 / 100
3 / 100
4 / 100
5 / 100
6 / 100
7 / 100
8 / 100
9 / 100
10 / 100
11 / 100
12 / 100
13 / 100
14 / 100
15 / 100
16 / 100
17 / 100
18 / 100
19 / 100
20 / 100
21 / 100
22 / 100
23 / 100
24 / 100
25 / 100
26 / 100
27 / 100
28 / 100
29 / 100
30 / 100
31 / 100
32 / 100
33 / 100
34 / 100
35 / 100
36 / 100
37 / 100
38 / 100
39 / 100
40 / 100
41 / 100
42 / 100
43 / 100
44 / 100
45 / 100
46 / 100
47 / 100
48 / 100
49 / 100
50 / 100
51 / 100
52 / 100
53 / 100
54 / 100
55 / 100
56 / 100
57 / 100
58 / 100
59 / 100
60 / 100
61 / 100
62 / 100
63 / 100
64 / 100
65 / 100
66 / 100
67 / 100
68 / 100
69 / 100
70 / 100
71 / 100
72 / 100
73 / 100
74 / 100
75 / 100
76 / 100
77 / 100
78 / 100
79 / 100
80 / 100
81 / 100
82 / 100
83 / 100
84 / 100
85 / 100
86 / 100
87 / 100
88 / 100
89 / 100
90 / 100
91 / 100
92 / 100
93 / 100
94 / 100
95 / 100
96 / 100
97 / 100
98 / 100
99 / 100
home directory = /home/xrhuang/Projects/Learning2Sync
error on /home/xrhuang/Projects/Learning2Sync/dataset/scannet/scene0317_01/frame-000851.pose.txt: bottom right corner should be one
ignoring frame frame-000851
home directory = /home/xrhuang/Projects/Learning2Sync
error on /home/xrhuang/Projects/Learning2Sync/dataset/scannet/scene0319_00/frame-000940.pose.txt: bottom right corner should be one
ignoring frame frame-000940
home directory = /home/xrhuang/Projects/Learning2Sync
found 972 clean depth images...
0 / 100
1 / 100
2 / 100
3 / 100
4 / 100
5 / 100
6 / 100
7 / 100
8 / 100
9 / 100
10 / 100
11 / 100
12 / 100
13 / 100
14 / 100
15 / 100
16 / 100
17 / 100
18 / 100
19 / 100
20 / 100
21 / 100
22 / 100
23 / 100
24 / 100
25 / 100
26 / 100
27 / 100
28 / 100
29 / 100
30 / 100
31 / 100
32 / 100
33 / 100
34 / 100
35 / 100
36 / 100
37 / 100
38 / 100
39 / 100
40 / 100
41 / 100
42 / 100
43 / 100
44 / 100
45 / 100
46 / 100
47 / 100
48 / 100
49 / 100
50 / 100
51 / 100
52 / 100
53 / 100
54 / 100
55 / 100
56 / 100
57 / 100
58 / 100
59 / 100
60 / 100
61 / 100
62 / 100
63 / 100
64 / 100
65 / 100
66 / 100
67 / 100
68 / 100
69 / 100
70 / 100
71 / 100
72 / 100
73 / 100
74 / 100
75 / 100
76 / 100
77 / 100
78 / 100
79 / 100
80 / 100
81 / 100
82 / 100
83 / 100
84 / 100
85 / 100
86 / 100
87 / 100
88 / 100
89 / 100
90 / 100
91 / 100
92 / 100
93 / 100
94 / 100
95 / 100
96 / 100
97 / 100
98 / 100
99 / 100
home directory = /home/xrhuang/Projects/Learning2Sync
found 735 clean depth images...
0 / 100
1 / 100
2 / 100
3 / 100
4 / 100
5 / 100
6 / 100
7 / 100
8 / 100
9 / 100
10 / 100
11 / 100
12 / 100
13 / 100
14 / 100
15 / 100
16 / 100
17 / 100
18 / 100
19 / 100
20 / 100
21 / 100
22 / 100
23 / 100
24 / 100
25 / 100
26 / 100
27 / 100
28 / 100
29 / 100
30 / 100
31 / 100
32 / 100
33 / 100
34 / 100
35 / 100
36 / 100
37 / 100
38 / 100
39 / 100
40 / 100
41 / 100
42 / 100
43 / 100
44 / 100
45 / 100
46 / 100
47 / 100
48 / 100
49 / 100
50 / 100
51 / 100
52 / 100
53 / 100
54 / 100
55 / 100
56 / 100
57 / 100
58 / 100
59 / 100
60 / 100
61 / 100
62 / 100
63 / 100
64 / 100
65 / 100
66 / 100
67 / 100
68 / 100
69 / 100
70 / 100
71 / 100
72 / 100
73 / 100
74 / 100
75 / 100
76 / 100
77 / 100
78 / 100
79 / 100
80 / 100
81 / 100
82 / 100
83 / 100
84 / 100
85 / 100
86 / 100
87 / 100
88 / 100
89 / 100
90 / 100
91 / 100
92 / 100
93 / 100
94 / 100
95 / 100
96 / 100
97 / 100
98 / 100
99 / 100
home directory = /home/xrhuang/Projects/Learning2Sync
error on /home/xrhuang/Projects/Learning2Sync/dataset/scannet/scene0329_02/frame-000212.pose.txt: bottom right corner should be one
ignoring frame frame-000212
home directory = /home/xrhuang/Projects/Learning2Sync
error on /home/xrhuang/Projects/Learning2Sync/dataset/scannet/scene0334_00/frame-000881.pose.txt: bottom right corner should be one
ignoring frame frame-000881
home directory = /home/xrhuang/Projects/Learning2Sync
error on /home/xrhuang/Projects/Learning2Sync/dataset/scannet/scene0334_02/frame-000623.pose.txt: bottom right corner should be one
ignoring frame frame-000623
home directory = /home/xrhuang/Projects/Learning2Sync
error on /home/xrhuang/Projects/Learning2Sync/dataset/scannet/scene0335_01/frame-002203.pose.txt: too many indices for array
ignoring frame frame-002203
home directory = /home/xrhuang/Projects/Learning2Sync
error on /home/xrhuang/Projects/Learning2Sync/dataset/scannet/scene0335_02/frame-001920.pose.txt: too many indices for array
ignoring frame frame-001920
home directory = /home/xrhuang/Projects/Learning2Sync
error on /home/xrhuang/Projects/Learning2Sync/dataset/scannet/scene0338_00/frame-000785.pose.txt: too many indices for array
ignoring frame frame-000785
home directory = /home/xrhuang/Projects/Learning2Sync
found 1606 clean depth images...
0 / 100
1 / 100
2 / 100
3 / 100
4 / 100
5 / 100
6 / 100
7 / 100
8 / 100
9 / 100
10 / 100
11 / 100
12 / 100
13 / 100
14 / 100
15 / 100
16 / 100
17 / 100
18 / 100
19 / 100
20 / 100
21 / 100
22 / 100
23 / 100
24 / 100
25 / 100
26 / 100
27 / 100
28 / 100
29 / 100
30 / 100
31 / 100
32 / 100
33 / 100
34 / 100
35 / 100
36 / 100
37 / 100
38 / 100
39 / 100
40 / 100
41 / 100
42 / 100
43 / 100
44 / 100
45 / 100
46 / 100
47 / 100
48 / 100
49 / 100
50 / 100
51 / 100
52 / 100
53 / 100
54 / 100
55 / 100
56 / 100
57 / 100
58 / 100
59 / 100
60 / 100
61 / 100
62 / 100
63 / 100
64 / 100
65 / 100
66 / 100
67 / 100
68 / 100
69 / 100
70 / 100
71 / 100
72 / 100
73 / 100
74 / 100
75 / 100
76 / 100
77 / 100
78 / 100
79 / 100
80 / 100
81 / 100
82 / 100
83 / 100
84 / 100
85 / 100
86 / 100
87 / 100
88 / 100
89 / 100
90 / 100
91 / 100
92 / 100
93 / 100
94 / 100
95 / 100
96 / 100
97 / 100
98 / 100
99 / 100
home directory = /home/xrhuang/Projects/Learning2Sync
error on /home/xrhuang/Projects/Learning2Sync/dataset/scannet/scene0346_00/frame-000260.pose.txt: bottom right corner should be one
ignoring frame frame-000260
home directory = /home/xrhuang/Projects/Learning2Sync
error on /home/xrhuang/Projects/Learning2Sync/dataset/scannet/scene0353_00/frame-000998.pose.txt: too many indices for array
ignoring frame frame-000998
home directory = /home/xrhuang/Projects/Learning2Sync
found 1126 clean depth images...
0 / 100
1 / 100
2 / 100
3 / 100
4 / 100
5 / 100
6 / 100
7 / 100
8 / 100
9 / 100
10 / 100
11 / 100
12 / 100
13 / 100
14 / 100
15 / 100
16 / 100
17 / 100
18 / 100
19 / 100
20 / 100
21 / 100
22 / 100
23 / 100
24 / 100
25 / 100
26 / 100
27 / 100
28 / 100
29 / 100
30 / 100
31 / 100
32 / 100
33 / 100
34 / 100
35 / 100
36 / 100
37 / 100
38 / 100
39 / 100
40 / 100
41 / 100
42 / 100
43 / 100
44 / 100
45 / 100
46 / 100
47 / 100
48 / 100
49 / 100
50 / 100
51 / 100
52 / 100
53 / 100
54 / 100
55 / 100
56 / 100
57 / 100
58 / 100
59 / 100
60 / 100
61 / 100
62 / 100
63 / 100
64 / 100
65 / 100
66 / 100
67 / 100
68 / 100
69 / 100
70 / 100
71 / 100
72 / 100
73 / 100
74 / 100
75 / 100
76 / 100
77 / 100
78 / 100
79 / 100
80 / 100
81 / 100
82 / 100
83 / 100
84 / 100
85 / 100
86 / 100
87 / 100
88 / 100
89 / 100
90 / 100
91 / 100
92 / 100
93 / 100
94 / 100
95 / 100
96 / 100
97 / 100
98 / 100
99 / 100
home directory = /home/xrhuang/Projects/Learning2Sync
found 1717 clean depth images...
0 / 100
1 / 100
2 / 100
3 / 100
4 / 100
5 / 100
6 / 100
7 / 100
8 / 100
9 / 100
10 / 100
11 / 100
12 / 100
13 / 100
14 / 100
15 / 100
16 / 100
17 / 100
18 / 100
19 / 100
20 / 100
21 / 100
22 / 100
23 / 100
24 / 100
25 / 100
26 / 100
27 / 100
28 / 100
29 / 100
30 / 100
31 / 100
32 / 100
33 / 100
34 / 100
35 / 100
36 / 100
37 / 100
38 / 100
39 / 100
40 / 100
41 / 100
42 / 100
43 / 100
44 / 100
45 / 100
46 / 100
47 / 100
48 / 100
49 / 100
50 / 100
51 / 100
52 / 100
53 / 100
54 / 100
55 / 100
56 / 100
57 / 100
58 / 100
59 / 100
60 / 100
61 / 100
62 / 100
63 / 100
64 / 100
65 / 100
66 / 100
67 / 100
68 / 100
69 / 100
70 / 100
71 / 100
72 / 100
73 / 100
74 / 100
75 / 100
76 / 100
77 / 100
78 / 100
79 / 100
80 / 100
81 / 100
82 / 100
83 / 100
84 / 100
85 / 100
86 / 100
87 / 100
88 / 100
89 / 100
90 / 100
91 / 100
92 / 100
93 / 100
94 / 100
95 / 100
96 / 100
97 / 100
98 / 100
99 / 100
home directory = /home/xrhuang/Projects/Learning2Sync
error on /home/xrhuang/Projects/Learning2Sync/dataset/scannet/scene0361_02/frame-000729.pose.txt: bottom right corner should be one
ignoring frame frame-000729
home directory = /home/xrhuang/Projects/Learning2Sync
error on /home/xrhuang/Projects/Learning2Sync/dataset/scannet/scene0362_02/frame-000754.pose.txt: too many indices for array
ignoring frame frame-000754
home directory = /home/xrhuang/Projects/Learning2Sync
error on /home/xrhuang/Projects/Learning2Sync/dataset/scannet/scene0362_03/frame-001032.pose.txt: too many indices for array
ignoring frame frame-001032
home directory = /home/xrhuang/Projects/Learning2Sync
error on /home/xrhuang/Projects/Learning2Sync/dataset/scannet/scene0367_01/frame-000383.pose.txt: bottom right corner should be one
ignoring frame frame-000383
home directory = /home/xrhuang/Projects/Learning2Sync
found 578 clean depth images...
0 / 100
1 / 100
2 / 100
3 / 100
4 / 100
5 / 100
6 / 100
7 / 100
8 / 100
9 / 100
10 / 100
11 / 100
12 / 100
13 / 100
14 / 100
15 / 100
16 / 100
17 / 100
18 / 100
19 / 100
20 / 100
21 / 100
22 / 100
23 / 100
24 / 100
25 / 100
26 / 100
27 / 100
28 / 100
29 / 100
30 / 100
31 / 100
32 / 100
33 / 100
34 / 100
35 / 100
36 / 100
37 / 100
38 / 100
39 / 100
40 / 100
41 / 100
42 / 100
43 / 100
44 / 100
45 / 100
46 / 100
47 / 100
48 / 100
49 / 100
50 / 100
51 / 100
52 / 100
53 / 100
54 / 100
55 / 100
56 / 100
57 / 100
58 / 100
59 / 100
60 / 100
61 / 100
62 / 100
63 / 100
64 / 100
65 / 100
66 / 100
67 / 100
68 / 100
69 / 100
70 / 100
71 / 100
72 / 100
73 / 100
74 / 100
75 / 100
76 / 100
77 / 100
78 / 100
79 / 100
80 / 100
81 / 100
82 / 100
83 / 100
84 / 100
85 / 100
86 / 100
87 / 100
88 / 100
89 / 100
90 / 100
91 / 100
92 / 100
93 / 100
94 / 100
95 / 100
96 / 100
97 / 100
98 / 100
99 / 100
home directory = /home/xrhuang/Projects/Learning2Sync
found 1644 clean depth images...
0 / 100
1 / 100
2 / 100
3 / 100
4 / 100
5 / 100
6 / 100
7 / 100
8 / 100
9 / 100
10 / 100
11 / 100
12 / 100
13 / 100
14 / 100
15 / 100
16 / 100
17 / 100
18 / 100
19 / 100
20 / 100
21 / 100
22 / 100
23 / 100
24 / 100
25 / 100
26 / 100
27 / 100
28 / 100
29 / 100
30 / 100
31 / 100
32 / 100
33 / 100
34 / 100
35 / 100
36 / 100
37 / 100
38 / 100
39 / 100
40 / 100
41 / 100
42 / 100
43 / 100
44 / 100
45 / 100
46 / 100
47 / 100
48 / 100
49 / 100
50 / 100
51 / 100
52 / 100
53 / 100
54 / 100
55 / 100
56 / 100
57 / 100
58 / 100
59 / 100
60 / 100
61 / 100
62 / 100
63 / 100
64 / 100
65 / 100
66 / 100
67 / 100
68 / 100
69 / 100
70 / 100
71 / 100
72 / 100
73 / 100
74 / 100
75 / 100
76 / 100
77 / 100
78 / 100
79 / 100
80 / 100
81 / 100
82 / 100
83 / 100
84 / 100
85 / 100
86 / 100
87 / 100
88 / 100
89 / 100
90 / 100
91 / 100
92 / 100
93 / 100
94 / 100
95 / 100
96 / 100
97 / 100
98 / 100
99 / 100
home directory = /home/xrhuang/Projects/Learning2Sync
error on /home/xrhuang/Projects/Learning2Sync/dataset/scannet/scene0387_02/frame-000869.pose.txt: too many indices for array
ignoring frame frame-000869
home directory = /home/xrhuang/Projects/Learning2Sync
error on /home/xrhuang/Projects/Learning2Sync/dataset/scannet/scene0389_00/frame-000729.pose.txt: too many indices for array
ignoring frame frame-000729
home directory = /home/xrhuang/Projects/Learning2Sync
found 732 clean depth images...
0 / 100
1 / 100
2 / 100
3 / 100
4 / 100
5 / 100
6 / 100
7 / 100
8 / 100
9 / 100
10 / 100
11 / 100
12 / 100
13 / 100
14 / 100
15 / 100
16 / 100
17 / 100
18 / 100
19 / 100
20 / 100
21 / 100
22 / 100
23 / 100
24 / 100
25 / 100
26 / 100
27 / 100
28 / 100
29 / 100
30 / 100
31 / 100
32 / 100
33 / 100
34 / 100
35 / 100
36 / 100
37 / 100
38 / 100
39 / 100
40 / 100
41 / 100
42 / 100
43 / 100
44 / 100
45 / 100
46 / 100
47 / 100
48 / 100
49 / 100
50 / 100
51 / 100
52 / 100
53 / 100
54 / 100
55 / 100
56 / 100
57 / 100
58 / 100
59 / 100
60 / 100
61 / 100
62 / 100
63 / 100
64 / 100
65 / 100
66 / 100
67 / 100
68 / 100
69 / 100
70 / 100
71 / 100
72 / 100
73 / 100
74 / 100
75 / 100
76 / 100
77 / 100
78 / 100
79 / 100
80 / 100
81 / 100
82 / 100
83 / 100
84 / 100
85 / 100
86 / 100
87 / 100
88 / 100
89 / 100
90 / 100
91 / 100
92 / 100
93 / 100
94 / 100
95 / 100
96 / 100
97 / 100
98 / 100
99 / 100
home directory = /home/xrhuang/Projects/Learning2Sync
error on /home/xrhuang/Projects/Learning2Sync/dataset/scannet/scene0406_02/frame-000692.pose.txt: bottom right corner should be one
ignoring frame frame-000692
home directory = /home/xrhuang/Projects/Learning2Sync
found 3472 clean depth images...
0 / 100
1 / 100
2 / 100
3 / 100
4 / 100
5 / 100
6 / 100
7 / 100
8 / 100
9 / 100
10 / 100
11 / 100
12 / 100
13 / 100
14 / 100
15 / 100
16 / 100
17 / 100
18 / 100
19 / 100
20 / 100
21 / 100
22 / 100
23 / 100
24 / 100
25 / 100
26 / 100
27 / 100
28 / 100
29 / 100
30 / 100
31 / 100
32 / 100
33 / 100
34 / 100
35 / 100
36 / 100
37 / 100
38 / 100
39 / 100
40 / 100
41 / 100
42 / 100
43 / 100
44 / 100
45 / 100
46 / 100
47 / 100
48 / 100
49 / 100
50 / 100
51 / 100
52 / 100
53 / 100
54 / 100
55 / 100
56 / 100
57 / 100
58 / 100
59 / 100
60 / 100
61 / 100
62 / 100
63 / 100
64 / 100
65 / 100
66 / 100
67 / 100
68 / 100
69 / 100
70 / 100
71 / 100
72 / 100
73 / 100
74 / 100
75 / 100
76 / 100
77 / 100
78 / 100
79 / 100
80 / 100
81 / 100
82 / 100
83 / 100
84 / 100
85 / 100
86 / 100
87 / 100
88 / 100
89 / 100
90 / 100
91 / 100
92 / 100
93 / 100
94 / 100
95 / 100
96 / 100
97 / 100
98 / 100
99 / 100
home directory = /home/xrhuang/Projects/Learning2Sync
found 868 clean depth images...
0 / 100
1 / 100
2 / 100
3 / 100
4 / 100
5 / 100
6 / 100
7 / 100
8 / 100
9 / 100
10 / 100
11 / 100
12 / 100
13 / 100
14 / 100
15 / 100
16 / 100
17 / 100
18 / 100
19 / 100
20 / 100
21 / 100
22 / 100
23 / 100
24 / 100
25 / 100
26 / 100
27 / 100
28 / 100
29 / 100
30 / 100
31 / 100
32 / 100
33 / 100
34 / 100
35 / 100
36 / 100
37 / 100
38 / 100
39 / 100
40 / 100
41 / 100
42 / 100
43 / 100
44 / 100
45 / 100
46 / 100
47 / 100
48 / 100
49 / 100
50 / 100
51 / 100
52 / 100
53 / 100
54 / 100
55 / 100
56 / 100
57 / 100
58 / 100
59 / 100
60 / 100
61 / 100
62 / 100
63 / 100
64 / 100
65 / 100
66 / 100
67 / 100
68 / 100
69 / 100
70 / 100
71 / 100
72 / 100
73 / 100
74 / 100
75 / 100
76 / 100
77 / 100
78 / 100
79 / 100
80 / 100
81 / 100
82 / 100
83 / 100
84 / 100
85 / 100
86 / 100
87 / 100
88 / 100
89 / 100
90 / 100
91 / 100
92 / 100
93 / 100
94 / 100
95 / 100
96 / 100
97 / 100
98 / 100
99 / 100
home directory = /home/xrhuang/Projects/Learning2Sync
error on /home/xrhuang/Projects/Learning2Sync/dataset/scannet/scene0431_00/frame-001070.pose.txt: bottom right corner should be one
ignoring frame frame-001070
home directory = /home/xrhuang/Projects/Learning2Sync
error on /home/xrhuang/Projects/Learning2Sync/dataset/scannet/scene0434_02/frame-001100.pose.txt: too many indices for array
ignoring frame frame-001100
home directory = /home/xrhuang/Projects/Learning2Sync
found 3273 clean depth images...
0 / 100
1 / 100
2 / 100
3 / 100
4 / 100
5 / 100
6 / 100
7 / 100
8 / 100
9 / 100
10 / 100
11 / 100
12 / 100
13 / 100
14 / 100
15 / 100
16 / 100
17 / 100
18 / 100
19 / 100
20 / 100
21 / 100
22 / 100
23 / 100
24 / 100
25 / 100
26 / 100
27 / 100
28 / 100
29 / 100
30 / 100
31 / 100
32 / 100
33 / 100
34 / 100
35 / 100
36 / 100
37 / 100
38 / 100
39 / 100
40 / 100
41 / 100
42 / 100
43 / 100
44 / 100
45 / 100
46 / 100
47 / 100
48 / 100
49 / 100
50 / 100
51 / 100
52 / 100
53 / 100
54 / 100
55 / 100
56 / 100
57 / 100
58 / 100
59 / 100
60 / 100
61 / 100
62 / 100
63 / 100
64 / 100
65 / 100
66 / 100
67 / 100
68 / 100
69 / 100
70 / 100
71 / 100
72 / 100
73 / 100
74 / 100
75 / 100
76 / 100
77 / 100
78 / 100
79 / 100
80 / 100
81 / 100
82 / 100
83 / 100
84 / 100
85 / 100
86 / 100
87 / 100
88 / 100
89 / 100
90 / 100
91 / 100
92 / 100
93 / 100
94 / 100
95 / 100
96 / 100
97 / 100
98 / 100
99 / 100
home directory = /home/xrhuang/Projects/Learning2Sync
found 997 clean depth images...
0 / 100
1 / 100
2 / 100
3 / 100
4 / 100
5 / 100
6 / 100
7 / 100
8 / 100
9 / 100
10 / 100
11 / 100
12 / 100
13 / 100
14 / 100
15 / 100
16 / 100
17 / 100
18 / 100
19 / 100
20 / 100
21 / 100
22 / 100
23 / 100
24 / 100
25 / 100
26 / 100
27 / 100
28 / 100
29 / 100
30 / 100
31 / 100
32 / 100
33 / 100
34 / 100
35 / 100
36 / 100
37 / 100
38 / 100
39 / 100
40 / 100
41 / 100
42 / 100
43 / 100
44 / 100
45 / 100
46 / 100
47 / 100
48 / 100
49 / 100
50 / 100
51 / 100
52 / 100
53 / 100
54 / 100
55 / 100
56 / 100
57 / 100
58 / 100
59 / 100
60 / 100
61 / 100
62 / 100
63 / 100
64 / 100
65 / 100
66 / 100
67 / 100
68 / 100
69 / 100
70 / 100
71 / 100
72 / 100
73 / 100
74 / 100
75 / 100
76 / 100
77 / 100
78 / 100
79 / 100
80 / 100
81 / 100
82 / 100
83 / 100
84 / 100
85 / 100
86 / 100
87 / 100
88 / 100
89 / 100
90 / 100
91 / 100
92 / 100
93 / 100
94 / 100
95 / 100
96 / 100
97 / 100
98 / 100
99 / 100
home directory = /home/xrhuang/Projects/Learning2Sync
found 818 clean depth images...
0 / 100
1 / 100
2 / 100
3 / 100
4 / 100
5 / 100
6 / 100
7 / 100
8 / 100
9 / 100
10 / 100
11 / 100
12 / 100
13 / 100
14 / 100
15 / 100
16 / 100
17 / 100
18 / 100
19 / 100
20 / 100
21 / 100
22 / 100
23 / 100
24 / 100
25 / 100
26 / 100
27 / 100
28 / 100
29 / 100
30 / 100
31 / 100
32 / 100
33 / 100
34 / 100
35 / 100
36 / 100
37 / 100
38 / 100
39 / 100
40 / 100
41 / 100
42 / 100
43 / 100
44 / 100
45 / 100
46 / 100
47 / 100
48 / 100
49 / 100
50 / 100
51 / 100
52 / 100
53 / 100
54 / 100
55 / 100
56 / 100
57 / 100
58 / 100
59 / 100
60 / 100
61 / 100
62 / 100
63 / 100
64 / 100
65 / 100
66 / 100
67 / 100
68 / 100
69 / 100
70 / 100
71 / 100
72 / 100
73 / 100
74 / 100
75 / 100
76 / 100
77 / 100
78 / 100
79 / 100
80 / 100
81 / 100
82 / 100
83 / 100
84 / 100
85 / 100
86 / 100
87 / 100
88 / 100
89 / 100
90 / 100
91 / 100
92 / 100
93 / 100
94 / 100
95 / 100
96 / 100
97 / 100
98 / 100
99 / 100
home directory = /home/xrhuang/Projects/Learning2Sync
error on /home/xrhuang/Projects/Learning2Sync/dataset/scannet/scene0451_05/frame-000822.pose.txt: too many indices for array
ignoring frame frame-000822
home directory = /home/xrhuang/Projects/Learning2Sync
error on /home/xrhuang/Projects/Learning2Sync/dataset/scannet/scene0452_01/frame-002320.pose.txt: bottom right corner should be one
ignoring frame frame-002320
home directory = /home/xrhuang/Projects/Learning2Sync
error on /home/xrhuang/Projects/Learning2Sync/dataset/scannet/scene0457_00/frame-001392.pose.txt: too many indices for array
ignoring frame frame-001392
home directory = /home/xrhuang/Projects/Learning2Sync
error on /home/xrhuang/Projects/Learning2Sync/dataset/scannet/scene0457_01/frame-002082.pose.txt: too many indices for array
ignoring frame frame-002082
home directory = /home/xrhuang/Projects/Learning2Sync
found 520 clean depth images...
0 / 100
1 / 100
2 / 100
3 / 100
4 / 100
5 / 100
6 / 100
7 / 100
8 / 100
9 / 100
10 / 100
11 / 100
12 / 100
13 / 100
14 / 100
15 / 100
16 / 100
17 / 100
18 / 100
19 / 100
20 / 100
21 / 100
22 / 100
23 / 100
24 / 100
25 / 100
26 / 100
27 / 100
28 / 100
29 / 100
30 / 100
31 / 100
32 / 100
33 / 100
34 / 100
35 / 100
36 / 100
37 / 100
38 / 100
39 / 100
40 / 100
41 / 100
42 / 100
43 / 100
44 / 100
45 / 100
46 / 100
47 / 100
48 / 100
49 / 100
50 / 100
51 / 100
52 / 100
53 / 100
54 / 100
55 / 100
56 / 100
57 / 100
58 / 100
59 / 100
60 / 100
61 / 100
62 / 100
63 / 100
64 / 100
65 / 100
66 / 100
67 / 100
68 / 100
69 / 100
70 / 100
71 / 100
72 / 100
73 / 100
74 / 100
75 / 100
76 / 100
77 / 100
78 / 100
79 / 100
80 / 100
81 / 100
82 / 100
83 / 100
84 / 100
85 / 100
86 / 100
87 / 100
88 / 100
89 / 100
90 / 100
91 / 100
92 / 100
93 / 100
94 / 100
95 / 100
96 / 100
97 / 100
98 / 100
99 / 100
home directory = /home/xrhuang/Projects/Learning2Sync
error on /home/xrhuang/Projects/Learning2Sync/dataset/scannet/scene0465_01/frame-006232.pose.txt: bottom right corner should be one
ignoring frame frame-006232
home directory = /home/xrhuang/Projects/Learning2Sync
error on /home/xrhuang/Projects/Learning2Sync/dataset/scannet/scene0466_01/frame-000700.pose.txt: bottom right corner should be one
ignoring frame frame-000700
home directory = /home/xrhuang/Projects/Learning2Sync
found 654 clean depth images...
0 / 100
1 / 100
2 / 100
3 / 100
4 / 100
5 / 100
6 / 100
7 / 100
8 / 100
9 / 100
10 / 100
11 / 100
12 / 100
13 / 100
14 / 100
15 / 100
16 / 100
17 / 100
18 / 100
19 / 100
20 / 100
21 / 100
22 / 100
23 / 100
24 / 100
25 / 100
26 / 100
27 / 100
28 / 100
29 / 100
30 / 100
31 / 100
32 / 100
33 / 100
34 / 100
35 / 100
36 / 100
37 / 100
38 / 100
39 / 100
40 / 100
41 / 100
42 / 100
43 / 100
44 / 100
45 / 100
46 / 100
47 / 100
48 / 100
49 / 100
50 / 100
51 / 100
52 / 100
53 / 100
54 / 100
55 / 100
56 / 100
57 / 100
58 / 100
59 / 100
60 / 100
61 / 100
62 / 100
63 / 100
64 / 100
65 / 100
66 / 100
67 / 100
68 / 100
69 / 100
70 / 100
71 / 100
72 / 100
73 / 100
74 / 100
75 / 100
76 / 100
77 / 100
78 / 100
79 / 100
80 / 100
81 / 100
82 / 100
83 / 100
84 / 100
85 / 100
86 / 100
87 / 100
88 / 100
89 / 100
90 / 100
91 / 100
92 / 100
93 / 100
94 / 100
95 / 100
96 / 100
97 / 100
98 / 100
99 / 100
home directory = /home/xrhuang/Projects/Learning2Sync
found 1107 clean depth images...
0 / 100
1 / 100
2 / 100
3 / 100
4 / 100
5 / 100
6 / 100
7 / 100
8 / 100
9 / 100
10 / 100
11 / 100
12 / 100
13 / 100
14 / 100
15 / 100
16 / 100
17 / 100
18 / 100
19 / 100
20 / 100
21 / 100
22 / 100
23 / 100
24 / 100
25 / 100
26 / 100
27 / 100
28 / 100
29 / 100
30 / 100
31 / 100
32 / 100
33 / 100
34 / 100
35 / 100
36 / 100
37 / 100
38 / 100
39 / 100
40 / 100
41 / 100
42 / 100
43 / 100
44 / 100
45 / 100
46 / 100
47 / 100
48 / 100
49 / 100
50 / 100
51 / 100
52 / 100
53 / 100
54 / 100
55 / 100
56 / 100
57 / 100
58 / 100
59 / 100
60 / 100
61 / 100
62 / 100
63 / 100
64 / 100
65 / 100
66 / 100
67 / 100
68 / 100
69 / 100
70 / 100
71 / 100
72 / 100
73 / 100
74 / 100
75 / 100
76 / 100
77 / 100
78 / 100
79 / 100
80 / 100
81 / 100
82 / 100
83 / 100
84 / 100
85 / 100
86 / 100
87 / 100
88 / 100
89 / 100
90 / 100
91 / 100
92 / 100
93 / 100
94 / 100
95 / 100
96 / 100
97 / 100
98 / 100
99 / 100
